844
1284
2937
7219
3475
11241
1881
6574
3619
7919
10720
4354
7200
1028
9573
5306
10439
11436
6022
8536
2434
8959
6586
977
1777
3238
1261
4729
9056
11798
9941
4118
7550
2126
6473
9087
6747
357
869
11143
5567
5648
6842
4582
2232
6820
6359
7083
3694
10101
1326
8004
1385
6023
6771
11856
9757
1564
2070
394
5665
8573
8754
5661
4136
3312
5383
8058
11370
6647
1702
4129
9061
3966
7985
255
5211
340
10979
4823
3569
1754
1266
4663
663
11419
8148
9704
128
7226
11296
4745
6595
6345
5447
7171
1899
5788
3322
2119
2668
1411
4731
4288
6627
4422
467
6035
10963
1875
2126
10794
10141
1940
1397
3085
8346
5933
631
11528
1453
1137
4663
11233
3047
7388
9886
2854
4429
4200
6464
1294
1930
5892
3367
3715
8036
7739
9565
11961
5947
601
10213
2911
2125
4788
107
7491
6259
6116
5940
11223
2759
4148
8033
2164
4508
565
1276
5979
2047
8418
9876
6615
11717
6678
11329
2686
8489
3088
11637
2160
7318
5730
10360
11321
10802
39
4487
8213
10779
11193
4353
9907
1216
1822
5037
10917
1313
7979
8654
10971
5229
8064
10891
4084
172
6106
8888
11499
7799
8370
5238
567
8985
4667
10399
3997
4955
5077
3201
7162
4642
961
8446
1265
4825
4214
3689
7158
2207
2626
2392
6497
9050
36
1475
9636
8330
3658
112
7310
8576
5487
1249
11635
2665
8163
9861
3325
6806
3950
2361
10292
3758
8692
7841
7887
2101
646
10011
1058
2899
9045
4685
3559
8610
7043
11600
9107
8425
4374
1114
1978
5408
10627
3988
53
1949
2463
9982
1695
6943
9405
4392
11063
7011
5040
954
608
6754
1488
4653
6502
5622
2977
11053
6584
5471
3125
11615
9200
5196
6243
7299
4899
1050
3534
7342
5459
9354
460
2689
92
2259
7908
1910
907
9075
934
5739
848
9375
10930
6515
7309
5692
6009
10833
11510
5089
10182
9618
7444
8201
2615
11607
850
1600
3791
5878
8156
10383
11851
10604
1683
884
3678
10587
6695
4218
9490
1435
5950
4118
2765
7365
10445
5068
3232
10679
6881
5249
5505
7826
1164
7122
11595
1762
2829
2689
6093
8972
1825
6589
4284
10037
8408
6117
5708
9028
11197
5113
10908
5311
1526
6386
7161
5464
6238
4906
7890
1056
1934
11500
300
9946
11444
10074
452
8517
11893
2661
2528
9926
9244
3625
11514
980
8572
3361
5797
1635
8552
4645
4375
8416
788
1511
8444
6186
3590
1125
9035
9735
9687
7584
1216
7546
2094
915
5018
898
3997
6759
7851
6089
4998
2309
4552
8108
3433
10058
7575
485
2730
721
2968
10317
2894
4442
1869
1637
8199
6956
6179
2291
9034
873
10870
5427
5609
7554
92
456
3836
10307
3765
9981
9196
4682
5822
771
791
8619
10534
10196
8997
77
7558
8855
2287
2424
5405
1278
3765
6511
10944
1598
5829
10802
7382
1995
142
5256
840
6504
5685
8894
6195
3409
4186
11061
2309
7992
11578
2361
9047
3803
10380
1090
7707
4883
1034
8685
2504
5546
8212
7332
3716
6326
982
303
10892
8628
5462
2958
11198
8373
5237
11558
3568
2594
10270
8106
5714
8461
1451
2439
6407
9623
1132
3580
9577
10018
163
11118
7884
6475
899
11957
1299
8438
9542
2238
9095
52
1922
572
11278
651
10444
8966
6086
6289
8419
7872
7604
3535
1377
5780
7843
9130
9197
9626
6829
9381
6009
7965
4305
3317
8836
4475
7564
1681
10793
8831
5766
11709
8424
9293
7765
1432
7356
4607
2011
6899
9984
5870
9568
9229
5228
15
4555
5829
1677
3371
2524
11350
3550
10501
2346
9161
3898
84
3102
5089
9341
8105
287
129
7382
2912
3323
1562
963
963
934
4605
9419
2126
8365
3218
2366
7416
8738
1118
9291
5830
10027
4300
4745
716
7182
558
7041
1652
9880
5475
3202
11313
6172
6301
4689
4122
4994
883
11032
703
8058
483
11987
1240
8080
6829
1236
11826
7612
9169
1845
700
8911
354
3880
2
361
2141
3518
7274
2888
10928
2897
11374
601
10045
8681
5826
11606
11483
10948
10861
1472
4625
4481
3442
11274
2035
7953
8596
4445
2792
6695
7167
11856
10125
7901
8832
8585
6243
5090
8832
4797
11309
5536
4301
8941
3381
101
3446
4169
3939
1555
2021
8432
11263
937
10652
1136
7459
7898
9515
2585
6312
2214
11717
2555
8465
9757
9447
7482
3522
7243
5550
3604
1747
7912
1644
274
6903
1065
6234
11281
562
3995
2503
4633
886
7345
11542
10640
1361
10299
2747
4483
11433
6252
10943
8612
11208
743
7538
8385
4579
9406
8558
5293
9135
10590
9914
1929
5146
3025
3576
9530
3649
7546
3541
8493
5362
1372
5589
2689
3641
11828
11761
1724
4115
11606
9354
9447
10921
9832
4932
4112
4581
2158
447
5480
1627
995
1023
1005
4963
5738
6304
6895
10722
4464
11471
10424
8064
11069
6135
5277
4831
11186
1268
4053
6444
8481
8182
3200
11646
2023
11271
1742
10883
5453
5826
70
5134
11504
5714
4898
889
11226
7006
9149
8778
3825
6916
1113
2982
4591
10449
9633
6093
2699
2154
11401
1501
9958
9195
4629
6646
7676
10700
10390
1647
1824
8887
10907
6818
535
5996
8832
3518
8743
3329
1262
7535
359
2963
2799
8854
10908
8783
3378
2215
8900
11410
916
5234
8456
9500
10016
7155
2853
3548
7987
7463
4608
5957
6427
5590
637
10580
2383
10872
10741
293
3804
3676
6294
10355
7550
2279
3523
8429
6676
3606
8124
3072
986
9330
7200
11356
1068
2118
8658
3014
7056
3970
9153
1059
5310
5607
5578
1307
3010
6771
7831
3596
344
8098
2195
5667
2540
9844
3186
782
3388
1294
9097
2147
267
11086
6683
10978
11818
4943
1578
10849
3491
11482
7037
4472
3135
766
4439
2586
8576
10205
10755
3928
11857
4156
10804
10493
10325
11240
3606
3395
7221
6918
8527
5554
3716
10278
6130
2353
6531
7245
6819
8037
333
5601
3282
10287
10026
10200
6699
9827
881
7705
11341
270
6120
4910
5879
5633
124
1388
8172
9036
10883
11730
11688
2052
7609
9035
7968
8040
602
7590
2651
8484
10546
10843
570
969
7312
8776
10330
4874
190
8716
6477
2212
2124
5370
4036
4270
6093
7557
9661
9754
10234
8588
8018
7177
1576
2709
1286
4984
4462
7245
7744
7698
2797
5261
10454
2911
3174
4592
8881
10436
2755
7963
1070
11259
9464
9744
3585
8156
8604
1484
8956
11930
7440
4949
9704
5173
9626
9745
8301
9324
6477
8918
3510
6474
6232
8060
7576
997
7299
11467
1574
3527
5346
10829
2014
5134
6754
1682
10374
2798
10521
6500
763
6337
5124
2872
9272
1929
2172
8552
1823
8200
6854
6514
3443
1576
2255
2223
6882
158
8535
444
6388
11893
8778
1720
3153
9096
7019
1523
6626
3641
8481
3646
10322
1205
3518
6008
178
8908
3062
9378
5722
2563
6540
1869
5454
3422
11302
4131
11837
5931
3536
10283
4153
9449
438
11440
9247
2240
6104
6542
6780
9248
3165
8797
1124
10269
616
5599
399
6085
7605
9176
6390
4982
11127
506
7220
8769
2621
4183
1636
8018
4424
8958
5638
6712
11812
7560
2935
6811
6072
6195
8330
5487
581
8781
1626
7837
7326
5474
7019
3878
11597
9477
11205
4455
1752
10376
514
393
11048
6417
5425
2846
1433
10152
1642
234
11014
3789
10703
512
5611
365
5667
8714
4339
8502
6962
6842
5624
2044
1822
82
7349
1262
2000
6214
5000
7606
4553
9774
4786
11134
11509
7121
566
753
82
9038
2310
4348
3846
11809
5431
8608
6916
3956
10928
9062
3665
7907
5704
3300
7883
11804
6715
832
11525
2539
9810
1244
6331
2781
8181
514
11574
2393
4247
3352
6086
6048
8649
11336
6434
2243
4669
10402
5778
6094
7995
878
9376
11396
10132
2806
5152
2395
7119
4681
10911
6560
7370
5006
11964
8356
11499
11243
11896
2610
6972
9737
5077
8524
9187
11108
2278
3739
295
8388
4368
4049
11621
7806
7561
8479
4995
4698
5052
3382
8585
7364
4137
5070
10026
21
5028
10193
3704
6129
11559
4676
5961
1390
8871
3497
11819
11639
891
6912
1506
10618
3058
3964
10598
2263
5226
11188
2061
3679
8061
11407
9757
10370
5495
10335
1181
8579
3899
9428
8237
727
7669
2014
2811
8983
8759
8200
8700
10899
10457
8377
11135
3806
5311
3385
9707
3347
9629
1474
11921
4014
308
8156
6935
9993
8053
6898
8200
2874
2091
6317
1790
957
3568
1122
8151
6876
3603
1505
6778
4223
1794
1057
10053
1565
1529
4451
3997
9955
8000
3271
8151
5529
1159
7293
8097
202
3119
9388
10306
8754
7599
8924
4085
3726
8050
5130
1289
2608
6922
2354
1319
6684
7321
3493
4567
11662
3885
6070
4058
8911
10252
1547
2457
4604
5809
8395
1927
2516
2711
3335
5493
8464
1237
8802
2652
550
1576
361
868
9399
8983
7192
433
6461
7017
8151
4826
6258
168
11111
4303
10079
10697
8368
2833
10170
2869
1886
1844
2868
5015
8969
8416
2393
5978
7675
605
8177
1489
5889
6520
9642
1891
2403
4604
5212
9393
4732
6223
3156
6620
578
2244
490
761
11956
10707
2707
6959
968
9028
11483
10855
4037
3306
1820
3294
11128
7421
6201
10225
6098
3511
5401
7678
3743
1216
1445
3453
6479
9796
6048
3778
6801
8765
9463
8698
745
9102
4238
10298
4558
2449
5746
7156
5607
7860
661
8495
1282
8717
9693
2535
6238
6403
11907
1395
2771
10080
889
9658
7487
9632
7761
7312
9619
1408
8722
10306
2444
1779
7325
9291
11218
3892
8071
1409
10877
8152
10215
5072
8486
11024
811
11694
6989
9700
6052
5200
287
11962
5864
1894
3010
7267
8501
9866
3558
643
7519
10641
6091
7397
3066
10120
92
1986
10777
11135
985
4534
908
2033
5993
5569
7433
2717
6012
1500
9890
5447
6762
111
7654
435
772
5092
1101
9897
8021
5146
6758
8732
7113
8659
91
1334
10837
11231
11955
8351
7818
533
3042
10243
11649
7051
4768
575
2516
4152
9126
4778
9773
10784
5876
11906
11274
2749
7268
7517
8469
2081
4112
1296
7385
471
10558
1442
10558
2023
6343
11034
3818
6762
6538
9768
576
11416
11983
5411
4809
9903
6619
5213
4436
776
6854
8254
5101
8543
8827
3327
8602
4373
2145
1453
6292
5088
3148
1496
3741
1687
3192
9587
10792
11814
7687
4211
851
4638
11821
6751
4862
3557
6874
6237
2841
3946
986
4704
5235
5834
1967
266
1548
6987
7435
442
6780
6269
3065
6686
1188
6498
11140
4304
7721
4169
10889
6051
197
10492
5224
723
3865
119
3539
5892
10483
2744
3118
8732
2359
6447
6488
8444
4044
6206
8695
4332
422
6433
3027
8930
3947
4714
2086
9831
9568
9097
9405
989
11658
9337
8954
10267
4786
1453
5901
4867
5699
6739
11917
8024
5169
11071
6048
4981
9616
9906
5889
1740
3472
2803
9263
10460
2250
2597
10054
2636
5089
8555
5102
11279
10292
3887
8213
357
7931
3935
8384
1588
6099
2147
8235
9445
9680
8660
11408
4854
4768
2835
6362
6546
11924
2567
6513
2417
1444
5448
5071
3472
5637
8097
7196
6075
4845
3994
8264
208
9499
9101
11041
2305
6000
358
4489
9001
7537
2839
6678
2729
165
10892
11953
7608
7575
5025
10021
6436
2925
1626
10034
6840
974
10769
10002
6769
4444
2421
5054
497
3145
1302
7054
10187
860
5460
1026
806
9320
5305
6564
1806
4813
400
9120
5473
3077
10742
531
11237
72
9582
4582
9456
2078
6018
9678
3327
271
1622
6833
9573
8535
357
9230
5405
2713
8772
5494
1044
10858
8228
8611
9656
3245
8388
10061
4097
6000
9702
6283
8220
1181
7885
11967
5716
2954
9588
11970
5636
10256
7519
10776
4675
6908
9203
7492
230
10599
10368
7218
2938
10533
7652
8454
1062
7705
11864
833
5557
9891
8461
8011
6045
7396
246
8929
10159
5438
10427
6961
1836
6754
2278
6604
6147
11631
551
1382
1114
8002
7604
2566
6710
5591
5904
6060
3860
5330
4096
476
7766
327
296
2938
233
5647
11548
6558
10933
11011
4587
6816
3666
3230
4087
7206
10651
9761
2533
11554
9789
11279
10649
11324
4550
3447
4989
2979
7777
4336
1888
3133
5189
11983
10359
11770
5745
579
2874
2175
10260
3605
8128
2528
10801
11945
9934
10257
11383
2601
7360
10267
3349
1097
1005
63
4578
0
2996
2581
8269
11199
7857
7169
4556
8681
11831
4697
8582
1489
5533
6197
7901
7409
1019
7661
2193
4636
1384
10844
9286
1259
2971
10887
1343
867
1044
513
9811
8935
5498
1314
5368
10840
11709
11294
7579
6455
1071
10385
4366
258
6087
10
11618
3683
6039
9102
2408
8204
1357
5082
3269
1207
7684
4379
3868
2174
2526
2935
127
10038
3960
6940
5512
9807
6521
1687
8665
7606
3774
11971
3937
285
2379
4841
2645
6562
2685
4802
6970
11392
1902
8739
7418
7842
11855
6806
4652
1213
6134
8489
1228
8496
5132
11785
2395
10462
8013
2109
7633
9763
115
2065
5937
421
2561
9626
147
9868
67
8527
6699
6475
2980
6855
11211
5040
6521
1820
7150
2224
3997
606
607
1216
3460
4989
8797
161
4827
7034
1425
5940
8909
4740
8405
5901
3121
9884
8686
8917
4814
9597
3049
9937
6237
2364
2734
10717
3060
6165
7630
11921
1216
3361
10514
6125
4485
11743
7433
3440
7807
1761
2826
11597
6759
4531
11362
6279
5909
1590
4688
1324
3979
7641
2452
2161
11782
7715
6899
3389
7839
6166
5266
932
4397
10843
1918
10483
3243
3545
784
5196
6273
9543
2175
10693
6210
10432
10404
4362
2165
2038
9908
2821
10935
2333
1654
2106
5965
3491
6651
7727
11869
5233
3225
227
1174
3524
9473
6190
1673
3439
3946
8876
11301
9701
4080
753
4901
2888
5293
142
7549
1722
11890
6055
6282
10149
55
997
156
8034
11190
3120
7456
2350
757
8554
2737
3633
11483
4095
5013
2263
4462
1652
5996
2752
7136
4918
9717
3796
11543
1733
4163
3200
7439
2404
1750
104
3052
7005
518
6064
7184
3231
7852
9573
288
10872
5359
1528
4867
3306
9206
9898
9165
6612
6775
6524
10635
3010
3943
5499
3010
3297
5584
2968
1080
6782
11097
503
4377
8930
4789
298
8980
6553
9910
529
5506
11785
2926
5061
11122
11496
3303
1509
10021
5942
7642
7281
287
9587
1412
10780
1488
1989
4887
333
6524
1448
15
4685
7436
2887
2057
6076
3826
9973
7736
5910
10453
11976
2460
7958
1293
8214
10863
10796
961
11106
11462
9840
8928
11004
7664
3863
1290
5878
9676
9278
3137
2816
7032
11771
1650
9988
11537
978
8077
1328
9338
7968
3615
11641
6651
9181
3930
7190
2357
10237
9730
4034
4245
6700
239
1469
8093
8403
4846
8892
8106
1339
3400
11263
3410
10408
1793
1026
4350
9445
6420
2963
8285
6012
11010
4918
11380
11307
60
1648
2567
10335
720
1304
4416
10153
7463
10103
7100
4488
1286
4744
9918
7475
3374
11937
8056
1517
6336
4158
8297
10404
2079
10291
6350
906
10279
1328
6252
9892
1149
8614
8996
5865
8812
1324
7100
3413
11113
11000
10248
4630
8035
3867
6460
6936
8169
2566
1415
36
6783
11592
11642
3886
10037
5349
3173
6563
3778
2204
2115
9849
10064
8219
9260
9117
217
6519
3392
2734
11692
4283
9413
766
7400
5352
5715
11136
405
266
10380
3671
10
9263
1885
8647
5247
9361
902
4439
10664
4125
1596
8814
9043
6017
1501
2146
316
510
2638
2528
9408
4163
6933
10250
6160
7875
10332
6527
7677
3351
4187
638
3611
9525
7538
2789
5849
6293
11857
9036
1985
5348
8622
7519
10658
2284
5779
17
8496
303
9716
7494
10886
6000
6768
4851
2159
11636
10651
8465
5024
4140
9325
4411
2229
2831
10908
11383
3382
1410
9173
4389
6775
3248
4951
11163
3777
334
6484
9049
11995
3467
5304
7732
2885
4359
8644
10748
1890
11289
4730
10084
387
4766
11432
7466
4905
8415
7869
5090
4003
10842
457
3571
5138
6745
1698
9783
10534
5823
5731
63
2738
10322
1166
4866
1012
2070
5211
7529
5090
3878
9372
6167
3081
11987
4201
10030
9410
7977
10643
5779
698
6135
8439
3181
4340
3737
9863
9625
2288
5059
7765
4628
9179
1121
2425
5167
5436
10286
6194
10181
4329
11769
2155
8015
7253
10989
5281
3826
5589
2369
5574
3152
8499
5812
6625
848
9900
3542
1857
7515
10593
6313
6364
10306
11141
234
8843
3671
7605
3540
5541
10095
11596
584
10455
1323
2353
2202
3181
6818
5702
11273
9908
6362
6698
1933
1949
3720
11678
10322
8031
4230
1160
122
11243
2901
1652
11330
7094
7305
11960
9807
11585
3053
3894
4136
11479
3044
10596
5102
3169
4958
5760
3892
11570
2634
4062
9652
425
3965
8966
11521
201
8871
2822
6605
5450
11699
3792
3561
2046
1000
647
11562
8185
8231
3827
360
3287
1266
7425
5022
4177
4932
9866
626
7940
2892
11048
11778
11799
5263
2577
5301
6179
10231
11501
5764
1775
1722
6526
8749
3037
822
9238
5836
2887
6190
7190
6249
6822
6082
979
10964
2703
5906
9559
9761
11631
6371
3018
2329
9204
4307
1936
6968
11297
11168
5170
2798
6151
8968
11546
5565
1150
2085
1439
7275
6073
11877
9559
7786
10937
7457
6557
8401
11713
10273
2147
3150
11267
4244
6454
9095
11808
11295
11169
10415
6935
5975
9818
409
8052
2660
11114
10715
9494
2476
10811
6201
1112
6615
11883
879
4423
8106
82
11091
10543
1397
51
2899
7260
10243
8172
11194
2470
1428
6192
549
6050
8753
419
10112
9901
2491
4896
5123
10477
4176
9478
1670
1516
5107
5069
11292
11034
11358
6567
7883
5801
8362
7146
3045
2586
10278
11537
3634
4391
1406
10804
4725
1702
780
8891
6543
11469
6871
7808
7115
2089
6979
7850
1528
3087
5424
5578
9582
7516
33
11578
8527
11271
5714
10096
2248
8566
11057
11677
4866
4767
10922
7772
3185
582
883
7064
4766
9278
8171
851
4602
11174
4415
1330
1473
11076
2006
10008
9031
637
2308
7700
8480
6816
8212
8701
3468
5637
7713
9702
7347
1438
11163
8925
10484
11537
6809
8646
8587
11004
10971
4954
10265
1711
6870
4035
3112
10329
1658
690
10578
11209
4592
8005
4719
8274
571
1228
4650
3138
2417
5914
3098
4546
298
8243
3929
1102
11596
6186
9853
4878
5309
1811
11734
2087
7710
1507
11018
10445
6543
2275
10756
1118
11395
2509
2545
8371
2207
8759
4409
6077
2007
8024
261
5183
7985
9945
11012
8024
10946
7036
2772
4090
2918
1724
8781
7381
397
2428
8792
9924
182
9324
623
7353
202
1644
1394
4612
2988
6525
10715
8920
6601
6366
6660
7045
4856
11580
7840
8788
1590
324
1213
10192
4483
6441
5492
4636
10615
9340
10119
11320
8446
896
3696
3029
11339
10721
7647
6193
9975
2249
4570
4356
1227
113
4356
1085
7022
2119
574
2148
6669
10909
11016
3496
5880
10994
5459
1136
11386
4350
4827
3396
7557
6144
8885
1420
847
7394
2433
7896
1168
9487
2700
7086
10435
2490
11209
3163
3562
11039
1857
652
8095
355
5306
8480
7423
8545
9961
7688
9197
9855
3948
6274
3079
4897
2427
6981
8356
6123
8447
2996
2259
11963
3234
8592
11927
993
1434
10700
7026
4421
10252
1171
1928
10888
10795
6192
2112
10218
7147
896
1117
8252
3772
11588
3916
11254
2819
5380
3950
5643
3747
11161
10370
2912
6386
6917
9170
4597
9164
10331
10923
32
4674
6424
8748
366
5094
5648
2879
7945
219
8438
6919
8651
909
9635
11312
4176
2751
4520
2043
11427
6572
1357
4802
3422
2142
3444
11022
9978
7002
556
10226
5419
1822
1509
3019
4242
9021
10236
834
302
2620
5344
8201
8594
10349
7532
10840
5070
10041
6572
10247
1150
7148
9746
8783
11769
8945
2672
2353
6722
3586
5393
862
7000
8615
5424
1470
530
1909
11119
10507
9351
209
5276
10509
6769
2515
2360
3403
2383
7568
6997
5246
1153
10493
8592
10211
3761
7373
2991
1663
9545
141
7028
6207
10150
1626
5603
10457
5767
7917
7637
10101
4480
455
10800
454
6720
11326
5327
3230
11192
205
8580
7665
9912
10230
6163
5402
8074
8825
2466
1707
9503
10045
1474
10590
10293
5512
3435
340
5980
5333
6710
4733
9241
611
2668
1838
11569
5257
8909
2870
3793
4753
2451
3940
8498
1394
5630
9838
4596
7209
7605
9113
211
9383
9214
3781
2992
6452
2797
2853
10653
6890
1240
8683
7190
6907
4093
2771
9728
1392
5013
1187
11288
6876
113
3194
10045
8241
2974
11907
5763
5619
9144
3004
7054
10504
4862
4489
9040
576
1579
7471
1686
11069
11511
6637
6730
8724
4028
5795
11611
2488
6121
10362
179
5031
8474
1100
4215
7054
11886
1656
8903
10021
8822
4619
11405
6585
5810
2861
6545
9404
10212
4787
5365
4409
9594
1937
947
3785
3442
9002
5352
9029
9448
5881
3957
9407
7871
6762
658
7956
7669
2531
11571
1939
1158
5936
9839
3185
7880
1976
10026
2274
1195
8881
11326
2817
2751
7822
2451
2334
4596
2159
11520
10290
89
11539
5690
7851
5096
579
3484
7715
6141
10129
5892
10135
6226
9291
4347
4807
7982
2342
8499
1780
5622
10688
2518
11877
11833
5681
9218
10322
3325
1827
8832
2389
5177
7431
3615
6810
5427
3115
723
5555
1537
5940
11902
5295
9437
9998
7550
4452
5760
1389
2568
204
8710
6374
168
2154
4683
2292
9427
3592
8309
5480
6869
9353
7033
8948
7725
3260
11652
2979
4792
9964
3412
10093
5884
1713
314
5973
2918
184
8247
7970
8514
10947
4327
4702
3747
7508
544
6073
1301
1058
3357
8631
1790
11170
3316
4777
3363
7639
2100
7685
11959
499
4542
5105
7710
5970
2268
10355
3979
2681
1518
11853
5388
2968
4516
1410
5936
10400
9452
6326
3946
8891
8678
948
7049
6850
10178
5893
1808
9782
7664
1532
806
601
11829
6624
3181
4624
9378
7124
8540
9801
9341
4220
5096
6213
4028
4573
10587
10201
10648
3482
11193
3706
1164
1379
3108
8486
8418
1557
9865
7855
11830
2469
5698
9399
8200
5179
1367
2890
10167
5723
3896
8135
10831
1160
5491
4050
7844
2982
5693
10500
5972
6352
8435
2738
5664
270
10149
2310
629
2312
2460
4287
9707
1970
1244
8521
1512
6921
10946
6323
2379
2684
11049
1570
5100
10170
6465
8705
1706
9513
11347
9415
4272
8366
4471
5034
9261
490
7797
8751
11355
1980
6222
4707
10052
3903
5765
7900
4451
5372
7544
5503
10756
6241
11921
6844
6911
11644
5035
7690
9641
11494
10711
4897
8803
2825
6339
7630
10551
1547
1825
1495
6242
2654
6080
7873
4296
6402
7756
10584
5441
4173
76
11721
11817
3958
11569
4105
9330
3376
5437
9243
10492
8081
3981
3045
7627
1145
9164
738
11921
10713
9878
9544
6190
6702
10848
10608
10572
10738
3354
4546
2538
6826
4083
11656
5635
5346
7400
10472
9380
53
8212
6758
1442
2628
5349
5407
3021
6100
992
1928
2823
9145
2180
6273
504
11753
1816
3735
748
9190
797
5490
4337
9442
6076
9065
6613
3485
9386
593
688
11749
2297
6217
4544
10056
6970
11295
7877
75
6631
9314
6055
5003
1255
5491
7049
8702
4341
7007
10443
11914
3898
6663
9875
8487
2873
9463
1263
11648
3281
10200
5144
1426
8117
8629
4247
7227
5925
11092
9101
8306
2493
5735
7037
5575
4637
4496
3402
6700
6439
11043
67
4819
10500
3660
3532
11530
7938
7809
4980
6916
829
2674
11549
1426
3672
7458
7924
6314
10190
6557
6020
9128
2431
1939
6087
4394
6588
2138
5003
1155
367
6262
6838
6435
1948
10232
932
2985
723
3187
1825
8807
8988
2597
1270
4969
9629
1060
1397
11168
11595
10139
3783
3222
2581
10767
1700
7364
10812
7872
2307
4723
3222
2816
11815
7781
7551
5101
1848
8861
11009
4493
7298
4889
2138
4314
889
4648
9409
8115
3469
698
9793
11281
9761
1860
1202
339
824
1875
10170
5824
8938
9309
8524
5522
1925
11243
4048
1760
6101
8505
2241
3113
2116
11406
5298
3492
5858
9928
4280
2062
3446
11233
3223
5731
8954
6153
9513
6232
8141
930
5394
5841
4840
11059
811
3798
10987
440
10070
1290
8467
5350
9873
8613
990
4900
341
7679
3153
7635
11447
4531
9669
5900
7077
3851
2387
1294
5536
6669
6338
6264
2802
1559
2430
2359
9225
595
7744
9096
3608
8161
8576
4663
6706
3419
4406
827
3211
1857
8922
9463
5137
1777
5038
10989
2261
5925
519
1805
10934
4701
11391
10462
3014
3451
7751
2829
8104
8332
2886
914
10477
1045
11813
6284
11224
8501
1397
3184
133
1011
1138
6460
4694
8116
1541
3330
7365
4466
7640
3786
2852
5387
10836
2085
4667
2897
8622
9321
570
11828
3080
4441
3779
2626
9225
382
6941
8056
11324
5125
6832
9675
11256
10529
9668
355
1782
4661
9621
1526
9277
157
8755
7985
1052
9787
11127
11232
1794
8913
9121
6236
3998
10947
10373
8401
8419
2192
8736
9196
8652
4586
10745
8503
2860
2923
9903
11226
11505
10996
6875
5005
10595
10907
271
1128
3535
5440
4206
5812
11099
6908
9219
1978
10340
7289
4332
2500
7468
5766
195
8623
6727
10904
238
3818
5317
5743
10626
9823
7125
9004
4549
3960
5798
8339
6027
9013
177
2253
4879
11070
603
9827
9883
8676
10868
11786
7414
483
7809
721
5947
10322
556
6437
8822
8175
10432
430
543
1032
2256
7374
3603
6911
10534
1316
11493
8580
3541
11890
4993
2574
6760
11406
5274
10089
4427
5089
526
11158
6150
3978
11010
10237
8580
7190
6363
11921
4096
5264
6919
7967
9232
11186
3504
11153
1295
2507
5817
5700
10142
4597
9989
6085
9563
5595
1287
2044
4975
8053
6186
1384
1368
10514
3125
7961
9454
6430
9300
5748
941
11862
9678
9400
3643
11286
8190
11061
1820
10634
7671
6356
4721
4320
609
7619
10697
2548
9144
9369
1613
6606
5990
7881
4417
7108
6101
9414
1825
5311
1861
6257
9993
8667
2485
200
11854
653
11031
9403
4499
7717
10083
2828
3523
6826
5619
10502
6690
11626
5978
9829
5606
11623
5077
38
3222
1083
8150
8530
7108
10493
4277
516
3322
7455
8840
6762
9541
5775
6799
7643
2774
7320
284
10876
4576
8825
9517
11431
1068
3389
6428
5060
4417
1794
3593
9724
2590
4055
1230
7940
3262
10765
11993
1614
7696
818
5168
9443
3209
1013
6632
11254
2539
9799
6546
1920
967
4089
7252
3531
7503
6591
5226
10498
2730
1497
7156
95
7106
6681
11385
6653
5571
4665
9890
11227
7231
6673
2906
11995
6728
5979
7995
2028
547
8545
4017
6233
9121
6577
1938
6413
7971
4179
6787
318
6479
5669
4322
1401
7040
4400
81
2746
6418
7101
1493
9168
5049
7748
1595
5998
8853
5904
3649
9377
1810
11233
3569
3112
4075
4551
5567
3237
9899
290
9801
11364
9875
3677
7048
9797
3246
2183
8552
11039
2066
10973
5190
5953
3922
2085
4969
10294
3758
7008
5613
4650
3999
4068
11631
6075
1758
1703
6727
763
10322
6243
6820
10084
9434
6188
10156
9151
11065
10278
5133
11786
10429
11791
5446
2357
1933
8530
4046
5421
558
10874
132
2436
8852
3027
5032
7032
268
1271
1312
8417
11030
5538
10849
2465
9004
3043
1804
7853
7230
6957
11607
10354
7857
11301
3017
11969
3121
3235
11217
3046
11839
3815
1639
8877
570
110
4839
7477
8148
5161
2244
8346
726
5852
936
2964
3790
8124
941
6622
11763
258
4538
3910
909
104
8165
2758
7139
3150
1335
10400
9185
9252
1719
8971
11225
8585
9201
4669
3666
4072
4180
477
175
10033
2763
6441
3386
11227
1782
5314
4884
8738
11616
11101
5128
3274
875
9625
1902
8522
11806
9708
1704
11076
5078
4888
9158
3232
1184
4816
5090
6613
11233
2575
2356
2098
4234
11097
9798
4935
5264
735
2907
9214
6994
8739
2826
8984
2065
9964
7242
8388
5680
627
9558
27
8506
9269
6383
7590
7613
3258
11966
11425
7683
5304
11618
8229
6064
8403
10475
2487
5518
11446
5148
7509
1628
3488
11854
8125
3806
6220
1561
1074
1737
9678
4489
11060
6838
5546
991
4204
4911
3648
9395
6301
3696
2282
1826
4770
3372
36
10332
10647
3329
9570
3821
4201
4620
10541
1382
925
10534
3452
7479
5689
3581
6677
9344
7719
1926
7240
6549
3872
7940
4143
11311
6312
31
11142
9520
9220
6270
5812
6782
5581
10604
11607
8948
11367
11553
11309
2677
6574
11267
1882
491
4621
3727
4173
8607
9507
2597
276
505
9887
5842
10580
10758
10922
3766
1592
2064
6231
3449
2621
3760
7723
9834
4234
4254
331
7834
10103
6880
3841
2815
4465
618
9037
2694
3878
5922
6258
3623
8290
7591
9288
8874
4663
5169
113
11003
6468
798
8606
775
10356
4753
3647
561
5122
2075
8407
11033
9817
9784
6701
4002
3438
11058
7373
7089
6103
623
7505
3682
4937
6219
3103
2253
11146
639
5503
4586
7800
3192
1290
2873
853
8823
2941
841
6738
5256
8647
8223
2611
11607
10949
875
5885
7841
834
6704
10190
3260
10855
2326
9201
5894
3596
10993
18
7207
4471
2820
5865
3996
8372
9723
1819
9640
2073
3712
7158
8057
10590
4320
11597
7777
3825
2921
2292
4477
5890
2602
5947
6129
9358
11944
3700
7607
10512
11747
7684
1132
9274
3179
7248
7396
7077
4242
11771
9506
11268
8656
7873
53
8000
1422
3520
6703
635
6283
10107
11612
11771
2206
4079
4794
1880
726
11999
3242
2325
3644
9151
10167
3173
1027
3900
6162
763
2882
1962
382
374
8064
2598
9036
1622
5150
8444
2554
372
7972
298
11681
963
5390
9626
10620
6471
6631
10918
1975
2485
10131
9210
9842
11549
11328
3196
11805
10919
1214
5324
7916
3736
701
5082
2920
921
9987
2433
11038
4337
11084
6912
8557
8705
5572
10391
6297
4737
2349
1837
11683
4660
11812
4618
2738
8025
9363
995
3724
159
6521
4393
6472
65
8174
7916
10641
4830
11618
9237
178
1758
9016
11636
8206
5486
5796
4379
368
9214
3265
1008
11337
8984
2289
9289
4764
3591
6446
5698
1363
2218
1385
2249
5155
11314
10391
4340
6060
9496
10271
973
4089
6414
8676
11349
2336
10537
1832
6228
756
1735
10429
8862
10412
1306
11000
10467
10434
6722
8636
5305
7360
2949
6281
446
4839
541
4031
1053
10864
7030
5055
5812
11756
257
8703
4687
3055
4331
4256
8640
3295
6806
4516
6320
3287
7432
9059
11917
9150
10499
2455
9478
1704
4320
1164
3947
6197
788
4006
10023
8473
11246
3300
2660
2811
27
4680
5600
8519
78
3547
6821
7250
11969
2791
2097
10644
6371
10097
8108
4469
6730
3601
10594
10882
7406
6057
5055
8721
6946
11928
7292
4936
2412
8898
10841
10311
6881
9348
11909
7583
10222
10173
1908
9852
11184
11077
11015
3876
2587
6104
9392
391
3072
660
7806
32
10393
8646
6351
760
2632
11570
2788
8838
6995
1643
2784
6516
7007
3822
865
11459
3934
1683
7409
3821
3191
2717
11310
486
5238
2263
10193
2628
7153
9830
10105
8100
9564
2865
10625
537
2052
3337
5132
2201
407
3570
11704
7662
11252
11804
11710
4364
11613
4796
10629
1893
4884
8539
940
6490
10425
6794
8188
10889
1691
623
6371
9988
3303
6489
1810
4185
10883
5723
1447
10384
4751
4294
2284
1746
1736
8801
3231
5173
4377
489
9110
4350
7684
5824
8894
9817
10439
11793
2489
2149
6617
4592
10440
9708
11089
9723
915
8766
2133
11784
164
6989
9565
9352
8363
11294
1479
2337
2323
72
4561
91
2063
5546
8909
2267
1501
716
6005
1074
6832
933
193
11038
1156
4532
11490
10789
4958
2307
3019
8597
4838
1763
3575
7542
9616
3147
3018
7170
3547
10210
7216
4368
8798
3434
10142
2943
7738
7157
9532
9002
5753
8590
11136
9728
9434
149
3159
6522
904
4820
4837
11727
2946
11496
9432
1262
3240
5233
8032
11504
3685
6352
601
1617
6165
94
6609
4273
7540
1229
3352
2342
9780
7573
9741
608
4314
4813
8836
9953
6592
4334
7832
6691
5705
9929
1464
3849
6637
10346
9957
6207
3302
6529
1680
4754
979
5260
3541
2988
3105
548
8974
5092
5607
4711
5995
6520
10026
2498
10336
10904
6674
3919
9068
1425
6875
654
6420
3923
3093
2924
3616
5024
11305
8695
10621
7404
9460
6846
11553
8094
9209
4656
3325
10325
5288
5495
6707
4916
10043
1048
6550
11575
11545
11717
5302
9745
4571
9014
3217
4722
10471
826
9830
7792
4498
10375
4286
2989
3662
4477
9013
7836
10506
6425
5999
3031
2412
3345
11620
6573
10142
11331
2440
5136
11279
9966
10854
1818
2068
5008
5686
6446
8885
4107
7047
2655
10145
7319
4736
6823
4913
10013
3409
11663
5845
6459
1499
9953
3291
7896
540
5306
8461
5393
1036
5313
4561
11030
6475
1618
11612
9196
4317
3591
3391
6800
9961
7280
11525
7152
6719
9194
239
3077
11725
11196
7574
6493
8489
8430
1144
4273
7452
2686
4561
9606
10428
6983
6623
8424
11224
7401
1231
9593
7007
9297
5665
11687
7130
5070
494
10033
4168
3463
5808
9584
7811
4188
7848
5804
8035
6233
1278
11363
5645
11752
11480
8823
5769
9760
173
2842
1334
11160
536
1582
10803
10681
6690
84
9601
4379
9038
4300
7702
5147
1356
3264
4752
9492
7940
601
6854
4411
1271
11100
11829
3728
10795
9532
2264
8587
9335
7187
86
9097
5537
6805
653
11181
440
612
6528
4729
11839
1125
5114
2011
11624
2198
8241
1024
2548
10440
7558
11125
10161
739
1258
1736
6681
10003
11172
11324
8575
6594
2678
3086
6450
11077
11146
3891
10559
4977
7796
2022
11828
168
8875
3157
10790
333
8951
730
3107
11617
5901
10491
10624
133
5851
9513
10965
9447
10798
11339
2642
5460
98
5136
6503
1280
11262
7907
50
6748
5640
8757
8746
6226
10625
7116
9905
10022
1902
6550
4091
5575
3028
6418
8160
2009
11316
3124
7191
8163
4491
11097
1497
5471
5995
8857
7746
5265
8120
11664
11957
7133
11268
5244
6701
889
10671
8937
3325
11543
8837
7381
328
6304
8715
9449
11275
9249
1266
9677
1673
10693
9639
753
10247
10629
2547
11925
11859
2763
9719
3273
1046
11755
10479
1818
729
1190
2482
10276
2142
1628
7590
1043
7305
6745
11620
2601
2668
3164
4341
9038
5557
7975
1668
11737
10081
11280
9336
5547
11965
7278
2686
3866
4491
6434
6286
8056
2351
1258
8185
8485
10623
8992
8459
3246
477
8193
528
6205
9410
10776
334
6548
7877
10491
5032
5346
2202
7140
11217
2925
11430
6993
5023
7932
3560
7958
4540
4989
8131
970
9065
705
5639
4860
1575
11552
1578
4696
596
1744
8132
7087
9306
733
11619
427
7216
4335
6758
9324
9192
10723
9679
4673
1856
10660
4291
9869
2545
4320
7236
1604
11056
2952
3103
8494
3274
8342
11927
6460
4600
2696
1206
365
3711
2025
770
6816
7728
11506
4781
9371
2275
3530
3003
566
4172
2275
1185
3228
4683
2637
3994
4491
5238
210
7399
3719
9468
2777
8736
6253
3180
8369
11928
418
3515
6472
6387
3699
10097
3298
3118
11275
8369
9322
365
2308
2576
1380
3881
406
5036
10626
7452
666
3336
7520
11816
2452
19
3768
4421
8802
6090
8748
10704
1868
6319
8454
7649
3270
4867
10374
6361
6510
4134
5934
6211
1821
8029
7298
6846
1852
9003
1291
11936
11523
4213
2068
1988
3229
6105
7938
912
3199
6436
4326
232
6436
4477
4400
3918
8036
3594
9218
3789
55
11861
518
6278
3219
11599
3407
10056
1871
9924
5163
4608
467
11370
2279
10317
733
593
2586
6955
10306
7931
4952
7686
210
5222
11500
5796
1961
3845
8715
7292
3426
9338
4013
4402
5708
7204
11485
6679
9408
4703
4521
26
3563
5435
5900
5417
10319
7414
7655
10427
1151
7137
7666
7900
5930
5781
5420
5186
4624
5188
7750
8311
6702
10726
8606
2327
1489
5358
5044
9759
11818
424
10599
5702
11191
3667
3097
542
11544
9926
693
1642
10333
2710
1540
5549
6262
7501
5021
8348
8373
4194
3792
9772
1549
6429
4198
6514
663
1922
5675
9901
1646
11977
11808
2660
8700
2448
4542
9017
2693
6295
821
11660
428
7646
11520
338
2077
8970
4067
11960
2468
4430
4487
1012
7252
1963
9871
1950
11129
9843
2388
7952
6405
2674
8949
995
8057
6779
502
2681
10307
7856
11696
9597
5386
4533
1261
3180
1724
2132
1947
6175
245
5455
6245
7724
3740
11829
348
955
9489
9906
5946
2689
1354
7876
5425
2433
10500
2777
6928
5310
5709
4493
3477
6929
935
11789
6972
7381
1314
7417
1384
4681
9260
6819
11832
880
11613
8384
3464
10990
10949
476
10212
5496
5273
9609
459
1887
8193
5171
6549
9058
4534
5004
5788
8805
5987
8913
10251
10829
3991
3855
9154
5755
4446
3055
2961
672
7170
5710
8626
5470
10224
2246
4482
10055
11242
6189
9308
4017
875
11799
958
1886
1252
8474
11687
4357
7033
8728
5932
5167
6215
6202
3797
4331
262
5677
11879
3440
8437
2489
10281
5568
9436
5983
831
1021
4416
840
2475
6791
3513
9102
5702
10000
2700
2648
4624
8002
5552
632
915
3988
11035
1055
2336
7048
5847
8178
3956
7612
8193
11871
6377
9025
1021
7275
4451
1717
6809
5316
3929
37
8957
4620
375
11279
4606
1299
414
7757
8412
4839
4014
2010
8367
5981
9989
2315
7173
2023
3280
6631
5998
10345
11832
5960
1626
8275
10986
4805
5061
10525
317
3008
1590
2493
1704
7715
7120
602
8193
544
9269
9627
6794
9264
6274
11632
8884
5368
197
7645
5242
8891
7221
9613
2997
9675
5019
10447
6881
1979
1224
8144
9177
8939
9979
5950
7642
4841
9337
10501
6392
6500
8973
7584
3411
4277
5241
10868
9775
10330
3012
445
127
675
1065
11456
9121
6469
9982
10316
8712
4644
6536
3246
6158
4604
6532
10809
4455
6167
6826
5084
5695
2285
2967
10856
1450
10254
11452
6879
10757
5266
11001
7785
11706
8081
1599
1612
2814
4442
3222
10209
9534
7603
2199
5918
11229
4874
2145
1974
814
10616
4158
7955
7007
1392
7695
9390
11767
6263
5071
305
6979
2246
2987
4983
6824
5960
7779
6641
9517
1305
5266
8004
216
3735
11154
1883
9899
6281
11857
929
4886
952
6436
599
10417
5453
5997
4181
5330
9418
7512
3358
3360
10398
10390
6312
11988
9850
2481
9799
3960
3190
11370
1876
5782
1684
4862
10122
9426
3569
11505
8235
4417
7218
1814
1759
3165
6551
3516
7520
5055
4064
7726
8941
6306
11973
9374
2994
4961
2908
2525
1908
1633
10456
7417
10041
4752
10542
5079
11492
2039
9257
5369
9024
9833
5168
7034
5806
10605
4524
4101
10237
649
5959
11470
10771
6419
1401
8001
199
1348
9845
3705
11228
9246
6499
819
9507
7479
3528
8634
351
3147
4199
833
5499
4319
9703
7948
8107
6171
3279
206
11950
10450
9457
9589
2502
219
3346
4387
9036
191
5855
811
4329
2197
9562
6423
9813
5494
4678
11208
3175
8556
11137
10031
4429
4915
3298
11046
9400
4341
10095
2294
6309
2263
9693
9291
3840
2854
9771
7849
5554
4551
8557
10665
5959
1037
7540
11411
9782
7841
10522
10106
4183
2685
3267
6501
7641
6605
11445
1983
11161
603
1938
11240
5243
9205
3767
8426
5670
3816
3991
3060
736
9105
4922
2140
5916
6931
3794
3200
5261
8417
10775
10042
5958
5778
7790
4839
5522
1405
1077
3109
1982
10419
2763
5732
6207
8542
6926
8764
2176
9656
11735
1201
5495
2732
1207
9191
924
128
5953
350
11872
4315
14
7909
9062
4122
8476
11351
9510
456
10011
1992
6932
3188
7828
4676
10427
7528
11749
8269
1958
5699
11204
10115
10671
10105
3893
6884
3495
1422
5728
2461
6756
5162
4364
4563
6666
3259
7222
1703
3594
11109
3373
2951
7937
7217
6997
593
8144
247
10330
8379
6159
4759
2128
7455
6024
4278
3612
6420
5809
4619
9717
3080
5319
9459
3183
7594
6163
204
4607
9575
6809
5020
9038
9577
11147
1677
11055
4028
2864
11452
7461
282
1583
2853
5827
842
2237
2281
10088
9164
6580
8001
1216
5598
8979
7921
9744
1107
5797
6656
7454
2314
6730
9236
4058
10265
9308
3575
9012
6948
2604
11404
816
2196
4813
9919
8267
7012
7903
7702
6063
11672
4928
789
1028
6158
3909
1816
10920
2501
10276
3216
3389
11586
3971
8289
8103
2740
7132
1715
413
9144
2133
1714
136
3643
1341
11524
2121
9972
9529
4285
239
1720
9251
613
11268
3552
10788
305
5864
2242
1400
4600
10396
3026
11679
5279
11886
9583
1670
1667
6648
11637
4223
8180
1411
8729
7677
5587
7826
6150
2527
514
11203
5327
1095
9971
10175
128
5544
8785
11697
2643
7676
7856
9378
895
10031
1973
4603
762
1682
1726
1257
1076
7896
4629
63
10417
4483
6087
1642
4551
1213
5206
6366
4788
10026
11697
9919
5689
11101
8224
191
11640
8944
3576
11718
11726
11730
5886
4365
11153
2008
7881
11242
9145
11664
7757
7132
3810
4683
1783
2711
5903
3802
6100
11896
3696
11501
3427
9412
8397
124
9503
5447
3571
11996
2112
9833
10984
10501
4377
7629
9075
8939
3778
5375
6959
7781
6965
8456
2427
4592
1925
7115
8817
8403
11446
9651
10975
7738
11059
10111
8676
4767
2756
6588
2953
9199
2792
2734
4712
4589
1735
1635
7811
8588
7687
1505
6475
3487
5206
10859
9476
10031
973
8936
6933
8018
10597
5109
3901
3589
9225
10835
8111
1415
5712
5435
3257
111
2135
585
10185
11250
11273
3837
138
10262
464
8868
8885
9252
2818
7331
4137
5453
6306
311
1075
534
9594
2310
2135
9408
747
5564
1355
2438
7030
11194
8688
4108
5061
8265
3565
253
2412
8341
3857
8833
518
9394
4026
6028
8367
5214
2834
10062
8942
10495
2404
1724
9764
5780
745
10928
3111
8257
7029
6928
8643
4136
6963
4001
3114
11920
2550
10371
6777
7330
2314
10109
9775
2019
8778
11488
4486
9383
3519
4933
5252
3918
2569
1240
1301
1473
2240
2123
1926
8652
5621
2452
11094
10288
5085
662
3670
4526
8028
4883
11282
3509
7933
11203
10642
1989
466
5275
717
8433
4942
7135
9673
9243
6861
5606
7863
699
3591
9089
3388
3082
396
5793
1881
11107
8121
10637
2154
2447
8730
6064
10223
1527
8740
7907
1974
7173
9267
1251
5346
11860
4933
2852
10422
11422
10362
223
2155
3059
10261
8907
5750
4278
9292
10700
6792
174
985
6776
5257
4992
879
4684
367
2420
1893
5062
2036
3369
9607
2739
249
6244
1680
3502
214
2763
1101
10357
4527
10379
5233
7521
9784
6181
11824
10632
249
6866
5206
5848
9148
4977
10847
4504
3040
1039
6208
5928
6473
8612
6565
8771
2727
10435
10001
8860
9977
977
2205
9137
4557
7644
5038
601
8245
11749
6987
506
10643
3051
6712
3165
4688
2278
804
9773
5220
10486
5684
4559
9267
485
5279
11333
10347
1737
8628
9181
1563
10247
9051
8554
5643
6931
10777
9422
2336
3766
2158
5439
677
4763
6607
6200
9651
8396
5371
3721
11624
5547
4035
5166
2708
2426
7341
7612
8785
1087
10480
2315
3466
9281
1418
9454
594
10344
10157
11732
9174
2651
5000
4500
2708
8891
2945
11214
7930
6012
7275
2060
3800
1125
10213
8499
4358
5036
10207
3243
6662
5243
3941
1834
9535
2371
6640
2535
10219
11945
6510
7620
257
7266
6361
1451
5081
4858
11510
6871
11758
7544
7996
1474
10215
1675
2941
1209
3013
10391
9595
6552
1383
5968
5140
151
692
1453
9760
8345
4917
2687
2825
4393
10921
10725
2178
2494
9473
1310
5593
4861
6924
8709
5424
3121
11346
1636
6231
8223
3670
7344
4888
1806
7981
210
5222
6639
5642
11165
10678
274
9266
2354
777
4443
816
7201
6380
9021
7233
7793
2767
1523
8980
5082
10511
3124
3771
864
11923
4116
3493
9842
7535
9456
6956
3288
4635
4757
8592
4906
307
10553
5613
10487
2747
8117
5360
1739
6790
1355
6720
7445
10669
2464
2465
11651
6919
10072
7256
11071
1201
7478
6775
2229
4458
5386
3111
5073
2398
8167
3964
11894
11726
11251
8666
8322
4857
7594
2212
11059
8028
9500
3643
4671
11773
2181
3114
1377
9678
5510
2845
5250
5130
10291
6905
7553
8450
11154
3397
1178
384
11855
6111
3223
6327
2267
11082
11720
4994
7750
8732
7369
5410
6883
2402
3832
11168
2681
3074
2755
6836
3444
5954
2115
176
6294
7330
2882
3578
7244
9747
3134
10595
6256
2028
8927
2975
6332
4055
7106
1838
2032
2448
9169
9854
11105
4427
2927
3339
11105
3121
8368
108
4826
10457
9534
10739
10359
9526
5604
1586
5309
2923
3578
5440
6369
3074
10032
6153
7000
910
10398
8888
11327
520
7065
3782
7683
11519
2276
1940
4345
11872
6452
536
3060
7775
6959
10675
8859
3953
6743
5299
3418
1350
4435
3012
11886
3680
1618
9120
9645
3690
8943
11490
5838
10205
574
8021
8799
8187
4205
572
4667
2
3448
3133
4492
8971
2863
7828
9041
31
3263
11021
4301
2957
101
11367
6304
3068
10879
60
9459
8747
2447
10868
9948
6323
1934
7706
7043
6992
3729
8563
2334
1458
1564
541
3908
9833
11173
11554
7395
11097
9377
1943
596
2020
11630
11799
7055
5962
10177
7235
10448
3331
10915
11144
6098
7721
6912
1180
4162
884
6234
5743
1224
1672
3333
11681
11032
6969
6701
3251
9027
6372
10857
4540
11096
8998
3915
5119
10619
2308
1106
3138
11425
1179
1578
9371
9652
735
4612
3903
6805
2540
163
8223
7453
8780
7172
5408
8019
4897
3583
5886
2030
9926
6343
3976
11992
1375
9868
929
653
9984
5547
3646
7012
9109
10831
560
2773
9660
2286
7345
1269
2711
4700
5170
8996
7833
5942
7157
5951
2129
4706
518
6854
10645
3650
6508
3122
9498
5612
9907
7105
519
11726
2169
3627
8605
5164
9705
3291
2213
5139
898
3244
3553
449
6585
6305
2015
500
4602
8336
4268
2147
1832
8677
7191
7076
8885
5218
1421
4659
3074
338
7804
7276
2808
2491
408
9099
6810
4576
1995
11140
8768
2563
6973
7124
10084
9936
8853
4269
308
1602
4093
4602
4662
778
7971
7713
6750
146
10738
11092
6081
4254
11809
3294
8502
9614
4110
8117
4922
2409
11959
8832
9889
6943
5967
8226
6670
5164
11438
2783
7376
8595
653
7826
5519
6906
10101
756
6047
6162
3431
11754
4479
8409
5298
1398
182
799
737
10599
5149
849
875
2137
4814
4733
2958
10734
1513
3610
8637
259
106
1072
9351
4059
3120
10651
5370
5806
1419
147
11701
7428
8002
3141
3542
11786
2925
9632
10343
4757
4696
9111
791
2166
1626
2662
7139
11782
1728
1857
8305
9144
11641
7199
3040
6464
1913
7819
1204
6187
5613
10863
6817
11020
9840
5684
9037
2299
11105
2484
4601
2564
7888
5432
3504
10028
4836
6584
10812
4345
7150
3071
11505
6684
6622
6047
108
4562
6606
1797
8633
11248
9879
11192
2948
747
8918
5295
3215
6473
544
8501
2389
2694
4197
11943
4018
2641
7285
5222
4726
9924
4114
5629
11719
2471
8842
5088
11573
6660
7694
1928
9255
1673
7375
5385
8007
8313
11174
7372
1163
6602
3668
605
383
4450
9273
4543
11016
5534
9050
4918
8418
6228
10231
6732
9065
1015
3897
692
3166
1291
5986
883
9201
9792
7571
11309
1492
6103
9837
8575
1334
11795
7655
7486
2646
700
967
5766
318
663
3341
7373
7552
1857
2166
9029
3512
3290
836
1622
4427
5643
4132
3027
98
10887
5647
9691
11321
1355
4701
10949
10263
7035
11592
603
5216
9810
2359
654
3349
5215
1409
2402
2264
5987
2412
6241
3091
11301
819
7528
4791
8994
1152
7797
7038
9502
2898
4365
1676
1353
406
3044
10285
1237
2622
176
7698
2581
11790
11628
6607
9417
445
11671
10492
1056
1073
7777
11115
11638
4764
2449
8682
3148
1962
8067
7536
8752
6135
1520
3841
5606
7712
4036
2244
6308
7101
4181
3855
175
7884
8361
10122
1348
2482
3451
2326
2439
638
6359
4391
10040
1
11302
9598
3863
5901
3524
9505
6629
6090
3941
10044
1032
11780
2846
3214
7204
747
4354
11194
7058
5576
643
4924
6743
299
2356
5339
1142
3758
8641
10437
8945
9926
3383
3202
3291
10259
5034
209
7314
6815
8261
2292
8143
3447
8267
11208
6989
1797
5176
7558
6924
7142
2261
1506
11804
2323
10096
8936
5480
4025
8831
7693
57
2651
2863
3415
9406
4804
6018
6237
11482
10087
5203
8218
10227
1504
6079
8898
2894
11152
9878
2717
9636
4226
9863
1293
9008
531
1220
3686
1760
3747
1313
8738
7901
6658
10280
1503
4442
5310
4820
465
9615
2808
6828
3914
5533
5972
3173
6327
1377
3536
9433
4955
5158
6864
8832
7103
9916
1351
5863
11664
1967
10730
8266
2508
4379
1451
11041
168
2325
6085
6079
4018
2307
7409
4781
11775
2452
2381
2671
2623
178
5646
10552
2664
4486
3516
6155
612
983
11567
3491
11794
10448
2048
2286
7505
6334
3207
10912
2636
1104
7495
1101
11240
11572
3252
3536
9337
5705
5049
6048
10717
9380
9304
6682
8928
11582
8087
6299
6819
10364
3221
11647
185
5591
10828
6
8016
8106
9429
2518
4749
10390
10496
11228
1655
11158
7034
8643
9117
5523
7355
6254
1056
3468
7608
2
1119
10311
1964
2076
5514
9721
1513
9700
5473
8516
22
2722
1325
1089
6602
6839
2054
9784
2157
2211
2931
3849
184
5974
9455
5832
7018
7832
4316
8386
10089
2415
7482
2371
11032
4517
1740
11039
7704
9587
11160
10751
3187
7
11931
8292
4837
9705
11893
6315
4190
5580
850
5777
3271
3969
8351
7436
10376
2042
1122
11597
856
3550
4728
228
5712
3744
3255
10427
9020
9562
955
921
4262
336
761
1896
3534
9290
2493
10871
4478
3016
8269
9732
9404
6882
8305
6201
3664
4981
6756
7142
7758
1755
10622
11052
7979
4840
1005
6928
3556
10941
7110
6430
343
4708
5385
3814
8024
6614
5056
5632
11599
5721
5084
11465
4636
3027
160
6237
11285
2702
2879
7695
6525
2092
11574
11643
9396
6719
579
333
4170
1847
5767
6142
7465
7265
7230
9250
1228
11033
847
10507
4356
4791
1197
3005
3362
4024
9938
86
1098
7342
4240
11626
7931
5336
1229
10375
139
8001
8684
3983
9397
3959
7289
2069
9374
10912
5796
9253
2309
739
3286
8565
4304
8584
6480
4959
2727
3047
4682
11900
8683
8232
8393
9058
3940
11969
10054
4120
1024
3876
10599
580
1342
2256
5608
10052
5310
9942
11872
4284
8321
6253
11037
6468
7277
11094
3742
5826
24
8066
5296
11629
629
10030
8413
2924
860
5178
5932
10190
2534
9983
10650
8996
6587
9762
2560
5444
777
11656
7748
8764
10863
4924
98
1906
1916
11321
8690
304
1099
6097
10382
202
4806
1834
8611
9029
7494
8846
1750
5263
2848
5277
3669
10083
4092
3297
11225
3797
1328
979
6431
10644
3731
10423
2893
2032
3194
11640
895
6600
7751
2446
7085
1712
3642
1305
7245
11104
2296
4557
9987
11322
868
9898
9458
7478
4096
6216
2270
540
9339
4088
5861
5953
5574
9242
10355
8892
4946
7178
1759
2734
8138
2957
8927
10598
10403
5789
6240
2870
11520
7584
308
4586
4245
10048
2259
7415
10025
6160
9286
9668
11785
11031
6125
365
1540
8186
9024
7861
7396
2178
11478
9854
6174
11256
652
1831
4469
6440
11898
9091
10372
1888
4148
7444
4405
5858
11215
1530
7385
7801
9127
9423
7018
9345
5671
1753
7933
871
9133
7077
11684
5375
9009
10540
5937
4998
6063
4094
1610
5335
2616
1637
7166
10116
6310
3390
2582
2257
7834
675
3673
4590
9254
10978
10547
8680
525
3747
7863
9222
3697
7871
5391
4365
3029
2115
11067
11111
2861
7971
7266
11603
7603
10542
10473
10592
7545
10954
2839
2850
457
11721
11275
1497
6070
10121
3813
8421
10503
8296
9899
7966
2605
2207
11070
2975
1907
4950
3171
4048
8487
9125
8822
4539
8587
10058
11274
1321
6150
4639
8101
6783
11722
5369
9368
4764
6265
1937
5965
4306
427
3224
1723
8129
9709
9109
5772
1639
10667
1780
7224
11027
963
6485
6888
7729
538
11721
4113
6976
6555
6850
7176
8617
11027
6959
4827
2648
3150
10494
4640
10049
8344
2792
2781
11535
2913
6098
11573
4762
6948
3
3972
4278
10728
3427
1574
10171
7380
4403
11250
4902
6911
2832
789
1197
5997
10279
119
9167
4002
1525
9741
9961
731
7249
11932
4295
1263
7626
9101
7098
3974
996
1334
293
11479
11962
5767
10395
4702
5374
1811
10106
1683
2603
6604
5525
4946
2371
214
2846
401
2111
2210
10572
6721
1400
6108
1314
3039
2508
10063
7115
8519
8420
804
6068
6013
11915
1409
3584
1480
6362
5942
7258
11237
9883
7253
7631
6346
3343
10483
463
1569
7368
5810
11249
3310
4159
1959
9774
10842
2356
776
11372
5868
3531
2854
4351
7066
9110
6778
7696
4787
6607
3962
5683
6432
6034
9367
6444
3289
1175
1599
1797
10715
10126
5900
1820
7575
1107
510
7643
11687
9013
8688
5885
7785
7487
3336
1888
9151
555
2760
8584
11507
922
10514
1360
4209
8990
9597
4660
2951
9529
9444
9373
4368
9615
3212
11193
3890
56
6809
9160
8087
8987
3911
2501
7477
2654
4886
8667
11399
2624
6127
4118
3055
6754
5717
1917
10181
3189
11647
2618
1061
8555
10006
3206
10721
11149
10629
2982
6137
5601
4586
1340
4152
6884
7747
4267
9558
921
7322
8168
7400
10242
1817
3307
3086
10237
1321
6627
222
4513
10295
7170
7360
8705
1286
2550
10970
4809
4965
2119
2923
8681
5897
3464
6669
1839
211
9804
3014
7003
1051
2606
2042
7066
10213
4416
6215
11258
1855
1403
1058
8213
2429
7547
2071
9536
4198
10643
11654
7126
1737
8485
1798
3142
7783
9578
5200
2957
10566
8676
9171
8752
11469
1179
7349
2673
1412
93
5726
11508
4784
4797
5856
11851
1067
2237
3362
9523
6470
10454
11994
9765
946
9524
4463
5288
11921
5987
3165
11737
6844
3762
654
6465
2364
11311
5325
737
4511
9485
294
5545
3658
8995
815
5225
4387
4853
5809
6862
5550
11425
10234
3210
7853
7867
8991
4446
11273
3755
3939
7513
4375
625
3358
9194
10319
8901
9789
6221
3883
5363
3693
10853
6265
7810
6754
11312
3754
5003
5864
3285
6505
3224
981
3446
8758
3953
3038
520
3742
2196
11933
7885
9316
11886
9408
10052
6111
7571
11218
11552
6448
240
9516
4897
7787
3682
3705
10194
6749
4163
6317
10866
10926
8485
11543
9641
9776
5651
8062
8552
8822
3374
694
152
1179
4594
1125
523
11119
10906
8588
9813
3958
3494
6886
9187
2945
5673
2498
9994
3193
6548
11764
1826
8828
6558
9269
834
6613
4877
6531
6281
3253
5598
3987
7746
2352
6597
1995
11771
721
3705
8208
10918
10270
5487
11173
8329
1157
6463
11355
811
6178
980
3069
5348
9553
4252
3892
7615
5347
5221
4146
4700
3671
11917
5888
3665
6636
11912
10627
2947
2699
6224
1568
804
5625
689
1710
4093
8691
10344
5479
7654
92
5765
10829
3380
3674
1584
8866
6808
10201
4564
11049
1616
8260
5617
1872
6910
6763
9098
9722
4502
6641
11427
6170
11607
3925
1799
6504
463
1812
4220
7642
2371
11645
8557
11841
9450
11896
8523
5706
11161
2324
4700
2042
10207
1407
718
2907
1913
931
626
2040
489
8344
9226
1377
2850
3009
8861
9955
3701
10941
3600
3778
10588
3903
5237
8565
6466
4956
4738
7329
6019
5567
11956
11799
6583
9351
11468
6539
4975
2325
1250
1357
5875
9214
1731
11246
9628
9934
5391
7567
1402
3799
5596
5569
5639
1306
5777
3590
7531
6532
10340
4391
9018
11259
4817
5086
341
2839
840
6985
1698
3651
3379
2440
2852
6672
9495
10370
5786
9247
5498
3666
4558
11570
4916
8037
9502
1702
7113
1097
11752
7137
3634
10633
763
1987
543
1968
128
6776
30
8221
7419
4656
5446
2003
141
11552
8759
718
10108
6268
7998
114
8608
6044
867
10135
4731
11372
5020
11327
11042
1028
9861
3214
2511
2372
4792
2031
6195
8875
2949
4072
10642
6660
7284
10677
11304
8508
3700
7475
3498
1362
1545
24
5506
7773
7341
2336
5390
11058
8979
10042
11937
2104
945
10054
857
844
240
7591
5960
3317
7723
9304
3475
10085
8490
7973
49
3412
5676
5882
5164
3220
8745
2471
10774
5225
5820
5219
10988
8990
48
8993
398
2812
2240
8174
7419
6424
10203
1916
8564
1395
1189
9712
3059
2976
9801
8247
8545
1759
3473
7076
7801
9137
1278
213
9560
8934
9368
3066
11409
912
11736
9383
5624
8046
10276
5036
1517
498
9259
2432
10428
9171
6386
11209
4007
533
5465
9666
722
2068
8551
2927
11775
285
10024
4404
1700
652
9627
446
6849
5114
9871
6332
10859
52
9502
2882
7859
11595
4866
8945
11817
8126
1057
7918
5833
3640
2610
6171
8587
4287
7287
9883
2310
11994
10176
304
1775
5504
10814
9807
6750
4453
3474
8344
11197
2328
4036
2072
9226
1165
1986
2853
392
10814
7144
1261
7386
8386
7615
2443
5529
9191
226
7805
1664
3029
1370
2002
6170
11136
6717
6066
7730
11383
2627
11770
2398
2528
4411
7430
6154
4357
6706
9361
9775
11516
3281
10047
4288
6599
3485
7867
10627
8788
8323
1810
4321
3865
6798
2124
11129
9873
8691
4199
10518
3986
3347
2270
8690
10363
5318
1576
7617
9793
8857
6695
1103
11887
8291
11565
1362
1368
2216
9498
3962
3719
10193
3110
11167
3968
3336
8549
9822
7867
4655
7831
3892
8993
11456
7284
5582
10507
2355
5272
713
10351
3636
6320
11587
1613
11687
5672
4069
1575
4172
8026
922
11663
2353
850
6679
10069
10659
130
4394
1251
5086
8822
11605
7816
9450
7492
1669
2492
11770
8757
7343
8934
4229
4151
6073
2062
3162
9883
940
7419
8451
8739
9513
6736
2470
8951
11108
11443
3367
5399
9029
3290
8017
1865
10324
1574
10373
7283
3444
7620
9211
2093
11900
3258
9429
6768
7599
4936
5085
9462
9012
10943
2262
3490
2665
5896
7609
7947
3660
8186
6102
4290
8010
2536
3031
2067
6563
7118
6689
213
7104
6857
3470
8499
11951
9621
10260
636
2954
9924
4
6510
2257
11566
1288
3658
1544
2344
3476
9826
4680
6492
11674
850
771
7977
2261
5544
8614
8063
6148
9479
5359
1738
5229
691
11918
5681
11595
8314
7236
5352
5135
54
11022
10605
9065
4120
5858
9927
664
5872
4839
4932
10177
2954
1963
1193
2380
1010
1483
4811
10661
11376
9242
6272
10806
228
7764
8240
8780
3672
11412
11840
5860
5143
8456
8805
3350
10207
11167
2541
1902
1501
5313
7729
9113
5021
8508
11505
9605
8367
8822
7582
10173
5766
917
5841
901
11845
10675
10012
3254
10106
4873
8949
225
2929
3948
6864
9490
7677
5190
529
8299
6102
971
5036
8513
9728
5660
2130
7685
293
1866
8437
3529
5541
9487
3105
2344
8797
1746
3409
9168
9753
999
8839
10435
1763
7559
8967
8797
7675
3115
4092
4592
1879
2554
4215
3055
4725
60
11329
903
6835
3360
4310
10347
5089
9801
6901
8838
5195
9663
7312
3012
11706
5711
915
1348
5284
9456
5303
5914
10698
1909
1681
7388
11689
1862
4113
11192
2352
7799
8567
69
6994
2501
11033
1892
11759
4269
148
707
11351
11386
852
8228
3227
1033
7485
5976
7507
10345
5600
3192
9561
9621
5407
8415
1882
11938
8338
11264
10348
9476
5658
11518
3321
4863
8361
2943
8325
11661
6750
3644
4113
3834
4185
2838
11964
3651
10408
1975
2913
6905
3652
2058
7363
5698
5442
4763
4141
2247
5538
628
5572
4252
2920
5103
3501
1339
8006
4665
2450
10924
5495
6452
8209
6567
6272
10060
3165
6469
750
7146
11540
4222
4843
7386
2449
288
11418
8138
320
4866
681
9772
6716
6915
10328
5196
4949
66
4656
484
7154
7986
2960
1794
583
7473
3652
11935
7894
7171
7435
9928
11075
7222
8674
10867
378
552
831
9097
2290
7662
1325
11440
6019
11933
11668
4679
6393
1367
2010
952
274
9566
1413
5939
9737
7445
6227
9940
2244
3775
8894
10898
3938
3106
6296
1384
4886
3969
2447
4305
2770
6479
6903
752
11980
8517
3682
1945
10469
11678
5800
3622
6936
11984
5715
9506
2070
8074
10028
4617
5551
5199
3723
7261
3376
6779
5030
2379
11849
6649
2698
2773
1173
321
997
6325
11079
10676
2231
4887
5308
485
7820
1920
5010
4965
9222
3212
11220
2322
9005
2191
1613
8810
333
4351
10552
1291
7901
4226
6252
2639
11088
11110
8446
1533
6614
8395
4484
6279
3439
1904
9129
4257
8956
9012
1585
2453
6687
6616
6401
4215
9795
187
6901
4991
9600
6127
6637
1264
8160
7603
10151
10230
8597
9764
6906
990
465
3937
11773
5110
7848
7889
9824
5379
9207
677
4426
4417
10165
3869
3744
9519
1502
59
9775
8693
4521
8666
7895
11329
10814
9860
1640
5271
7079
4272
9082
8275
10244
2786
5642
5930
11572
5226
3552
6086
719
5182
8445
9660
7912
2455
636
7432
476
10806
8699
10001
2864
8662
3776
11559
9155
6394
4811
1470
3667
7504
11556
10865
10901
2758
5627
2534
447
7792
329
9397
11811
4145
9160
7625
10289
10941
9061
7257
2090
7592
5458
11684
8821
2919
6006
5901
282
7016
2726
1710
10176
910
11800
8314
3924
3774
6813
4808
7184
7946
8612
3047
9996
4414
7164
9210
2664
7723
7942
8095
7515
1371
1367
9761
5661
2851
4676
1613
3633
7327
9377
353
1503
6766
4018
1440
3613
977
7552
2791
3522
10528
10898
6423
19
4934
3589
8569
9313
8767
6476
7524
5500
3507
8492
1055
11381
3976
11333
3694
10513
11083
650
551
11030
7418
1986
8503
2360
4853
4176
5731
11380
9857
2307
496
4875
2618
10571
7927
4328
6362
2475
1283
5146
5393
3861
5753
5359
6410
9067
320
8616
7572
4295
10551
1030
11533
4891
391
10922
4359
714
145
1008
5724
8172
4755
1840
1219
4711
9385
5510
6862
3710
9957
11690
9073
6683
8967
2007
2369
1605
11277
9559
11981
886
7008
63
3340
2170
6806
5705
5034
9606
6875
8144
10390
8633
1141
5501
11202
3547
9727
3279
11435
4245
659
5273
866
2556
1286
7424
2658
5395
7392
7402
770
7787
9293
3383
2879
5351
9444
11034
10128
7415
9152
2159
10580
10224
4977
9777
4613
1012
10235
574
11804
11783
3715
6726
11982
2688
10344
3044
6171
8704
971
183
6041
10117
798
8339
9246
10893
6180
4437
4719
1547
3648
9215
4483
464
6909
4954
4954
1903
5491
7755
999
6000
4345
2341
2147
10110
3369
4294
8390
5701
7231
2439
8909
2719
9247
4777
6838
2027
6253
4917
2835
3961
6540
10416
5742
1444
1834
9706
46
11346
11188
4505
11098
7887
5350
3652
10222
891
8749
2243
872
9548
8732
739
3874
11115
10005
4442
10604
1591
4446
8233
1578
7888
2566
10959
2459
6421
8833
10124
1911
3257
10941
732
9978
8094
8794
2213
7828
4351
586
4255
9756
8492
6812
8206
6194
7483
388
1382
6285
7876
6274
9175
10238
3543
5082
4289
3180
3406
10108
9745
1635
11810
2091
4473
5056
6261
688
11370
7959
6278
2258
5642
5251
8956
4019
2047
2251
9611
4966
7350
1661
5462
8165
2843
10423
8840
11125
11247
1901
1752
914
10580
11241
9902
8518
4797
6041
5367
10672
3045
8612
11141
975
315
6136
9623
1548
8081
10928
2869
11878
6203
8803
3059
4642
924
3174
7108
7469
2228
6059
1748
6493
9138
561
6617
445
5703
2673
9064
6700
3509
11404
11308
9337
6438
7254
2531
11672
8264
3975
9171
8137
7310
5311
2346
10511
2968
11086
7807
3681
2328
7527
3203
6007
7454
5108
3690
9252
3028
5476
10019
8725
161
7190
7258
9896
11079
6010
1162
1175
7220
9384
2939
5939
5950
6566
5812
2042
6667
11433
2237
8187
7500
4616
5044
3472
3120
8946
2973
5280
344
5500
5253
1380
7305
692
6796
10712
1863
7866
11531
5787
5764
1757
10072
11974
6716
8973
3596
5152
9131
4287
6263
7321
11705
3064
7896
5690
6308
10558
4900
6641
3864
9066
2482
5661
2927
2112
3269
7912
1625
10838
6275
7618
1432
11680
5905
11730
1916
8210
11327
6590
11167
11637
10018
7392
1063
8037
7681
3186
11800
7724
9950
11030
8344
3517
5455
9615
473
9759
4780
11250
10060
4990
9745
7591
4009
10092
8179
4805
977
8469
2960
118
555
7516
2628
7739
11008
7123
4201
2139
10015
9385
11115
2526
9984
9960
2298
10018
3627
7665
6404
663
8378
10933
6095
4873
6053
11655
5001
7216
2848
10707
2622
11701
10325
7113
11921
786
6439
4328
734
11315
1033
2519
1362
9408
10329
7014
4846
9065
86
2211
1400
5832
2956
1319
6369
3314
4425
1130
5814
8706
7400
3892
11447
7681
36
2905
3143
11110
4873
9074
6616
8005
11628
6011
8099
8960
11177
1553
6993
2047
6339
1746
7431
8739
11987
5336
10597
8877
818
6744
11358
5051
5829
7245
9418
9969
4052
11767
8674
5489
10595
4193
6838
2952
7292
7521
10640
3281
474
6459
6022
4038
7445
11207
11774
5226
7137
210
8879
6071
5281
8559
10637
9375
10059
7490
8208
10225
6820
5103
8741
9968
11814
924
6634
291
11262
11360
4669
2092
1223
9360
2953
7579
7807
5740
3535
9554
2196
9693
9477
9387
6745
5850
4883
6449
1145
7097
11015
7041
1147
9959
7137
1915
4812
908
7068
8476
10548
5357
9706
8547
3380
4380
5876
3360
955
3325
8868
1963
726
1564
9907
9730
6556
3470
10520
6009
673
3532
11409
10126
1477
9151
1929
9079
9098
9187
7627
6220
8962
2733
7572
8036
6763
2886
296
3905
2318
8391
9186
11226
6722
4125
7024
7852
6998
1223
5129
3058
1166
7499
7166
11490
169
381
7179
7650
1561
2196
11810
7425
11143
2969
3852
8004
6948
11233
6472
10256
1005
6444
6377
8213
2255
9695
10116
2789
2822
10239
8416
1178
7481
4189
5108
7626
10775
10359
5656
3316
9621
6762
11716
9117
9584
3682
8361
8748
8177
11508
7753
5652
10578
9682
7020
6446
131
1108
8993
7289
11772
336
10173
2837
9217
1525
4949
694
6315
3927
551
7323
3381
2101
11636
2378
10664
3489
6609
1233
3256
5282
1922
220
2835
9617
9597
9660
3540
5209
5075
6252
114
6400
9244
2699
4115
9407
10127
2705
4557
178
10192
3534
6782
4809
6644
10282
3667
7885
6266
3898
4459
348
7534
6652
584
4702
6711
10360
4710
5348
9485
2159
3162
9753
7491
7930
458
9961
5648
6706
293
11574
5760
2484
7752
865
183
8824
4819
2110
2625
6467
5431
472
1258
6893
5419
6945
2299
3377
10557
878
8135
3506
8807
2521
6756
1510
10477
2783
10927
8960
8615
10075
8002
2444
3361
622
657
6861
8307
11023
7072
752
6089
10142
2213
5823
501
3532
7848
2434
11343
9651
1819
4239
43
7010
8829
4541
10752
5183
3624
10132
3196
4252
6948
1475
11970
803
9022
9039
312
5969
6543
2468
4526
6306
3311
3939
4333
5452
5607
11699
319
1514
1302
2190
492
2076
6413
9551
1614
7436
2487
7475
1563
11412
4622
490
4388
9502
9374
5730
33
6654
9994
4038
3911
9125
1595
9041
7538
3111
10807
341
8388
2805
1408
8503
2937
8491
1086
810
9546
3026
9191
2007
9380
8720
763
9311
6021
2176
10539
1962
7718
6014
1868
2403
10395
11716
7580
2916
8636
8960
4871
98
9747
11846
6113
76
8847
9322
266
1632
8590
9889
1176
8701
3717
7317
5532
7726
10026
639
6664
1358
3685
6086
6553
5829
10008
8899
9594
7017
4821
7113
3630
1827
10549
1446
8632
6989
10899
5297
5180
4688
743
10665
11490
9667
3337
9443
7235
5550
1460
11065
806
5065
10357
8882
11852
7718
8567
4941
1115
7153
9740
1967
8541
11064
8548
8392
10511
10941
2516
1177
1824
1311
3366
3938
7626
6331
9965
4560
3032
9683
8437
979
7522
1692
1284
10256
3446
11413
2574
308
11112
1169
2269
9826
8896
10588
3754
9945
7716
2681
2382
7127
2930
1809
3579
10488
1365
2625
571
4467
8655
6169
279
11252
10458
8238
5172
8777
2360
10012
1121
5403
5385
1628
10289
5518
11044
9972
86
7337
3721
6443
9982
7087
8931
10769
11670
10530
5612
3168
6645
9429
11119
5253
4665
7103
6941
6029
8911
5600
9427
5170
2792
9318
6905
5499
5467
4021
10598
2147
10026
4270
1602
11380
118
2147
7927
5369
9494
3969
6239
2448
4472
1292
8441
5441
11789
8088
7566
11652
7600
7339
752
4914
11563
11578
3154
2837
5030
1081
3658
6960
2265
406
11123
1995
4444
8911
2644
685
9877
1637
8924
1009
417
11605
4356
8559
1507
5102
2789
6887
9578
7933
10178
446
7708
8888
466
469
8545
834
1019
9729
8362
11871
10828
3579
3990
873
4409
10000
11014
7546
4988
630
11192
745
6025
1809
9493
372
4514
3643
8448
9524
10752
5956
5699
8876
9362
674
9694
10425
9390
10806
4394
10742
9129
10640
4690
8788
6104
8111
1878
4130
240
2514
11142
4034
755
2831
4389
2453
6685
3888
6107
10321
3187
5429
7108
10844
8897
6873
11051
1633
3605
6134
11607
11550
397
2341
7909
8039
6139
5642
6617
494
10814
8468
2518
4862
7715
11759
7958
226
8874
10584
2771
7477
11329
10452
4510
1510
9993
8305
5862
7489
9843
6802
8071
4774
8054
8929
7971
1014
11413
6347
11960
11656
2007
1085
4754
2807
647
2281
2238
11891
6872
5624
2004
2956
8621
1024
387
1758
1783
3716
10823
5899
11840
1612
11328
1338
10659
1172
4687
6474
7279
3422
5617
4800
10123
10934
10749
757
1582
11698
7692
4967
10279
2759
6744
407
3567
1365
5028
8379
8952
4040
5851
10263
4103
6627
8050
8103
2999
10791
6880
3922
2509
2814
5680
4514
3309
6738
6138
7031
9557
5979
8362
11285
3093
7538
6332
5033
8199
2726
1431
10820
8070
2085
8868
7099
124
9740
6688
6368
180
1894
2914
978
5261
1527
9032
9041
9399
4557
3573
4498
4327
11826
21
4985
3300
4238
2538
2462
9541
9192
9210
10933
2942
5212
9577
4661
7600
2224
9123
5365
8716
9411
6222
7749
2040
4933
2739
5524
6749
11976
8000
6704
1082
11727
5324
11514
5464
5799
2588
622
4073
2498
7489
9715
6937
11025
2238
562
6644
1296
9323
2753
621
4525
7832
2198
11668
11079
2462
253
10079
11288
8936
8986
159
10016
7962
3618
10319
10755
3193
2605
11196
5831
4814
9058
4337
10050
9443
395
2997
3673
6990
8116
10492
3107
3895
6517
10242
9997
9856
3910
3316
5673
11746
2595
11761
5933
9813
4342
9354
11172
1577
6546
5698
6644
4047
4495
10671
3418
899
3351
251
2133
218
9458
7610
9149
2211
10498
3105
10011
8967
7814
7428
8385
11922
3822
11669
5683
7096
1024
8407
3579
9499
8487
9217
2461
6274
4944
4058
11553
7201
2848
11054
5071
5138
2700
11018
9199
7758
5905
3808
7047
1644
11169
7268
10937
8357
2112
7956
1489
5522
6293
6254
2900
10287
8255
4708
1685
5704
7457
3544
1851
8612
2142
11335
11057
6578
176
3620
5794
11220
11842
4075
4940
9934
3310
1413
2281
7627
7190
2706
1661
2447
2061
197
11392
2863
6325
9905
3412
11573
10964
6447
11367
6837
8956
5510
10399
7712
6129
5266
5891
4512
7126
6769
2745
9488
8949
7002
2995
7262
3181
4723
3643
8024
6524
6657
2573
766
3699
9791
4234
1047
9018
689
8497
3805
9096
10701
1698
10709
7205
4842
306
11309
9659
1856
9044
9961
4419
7579
6463
6032
1729
9252
6081
9355
155
759
4162
10188
4772
56
8048
7122
9545
4144
9661
7441
3076
7952
11405
391
1953
3364
6141
573
2800
5368
11255
6415
4924
11931
7063
5215
2122
4688
11875
9645
10702
2928
4006
10994
11207
9566
2868
5527
9586
10971
6987
4449
9735
4441
8386
2884
9319
61
4224
7078
8729
5371
7938
5724
10779
7925
7345
880
2408
6296
10242
10351
9183
474
3020
752
6800
5829
632
8629
9047
959
6997
8084
863
2697
1474
3268
8141
5471
11537
2943
8830
6930
8109
7973
4665
3356
4221
3166
1520
8923
9773
8339
880
4184
11114
5759
5357
7456
8008
6333
3441
11864
286
933
6818
8812
8030
10229
11647
9529
655
154
11049
8070
9544
2860
11866
9777
2142
10553
4398
2711
2490
8032
11341
11911
10132
11073
5565
7629
208
5982
3636
10750
6210
692
9148
7660
1504
3716
951
654
2174
93
277
2744
4090
5101
7522
5347
5289
11143
6104
3817
2906
565
3369
11166
3784
1534
8857
8563
5792
3265
10604
8328
568
8939
4214
1109
5988
5589
5546
11842
6150
6066
11713
10797
9971
8833
6869
8664
749
10940
2952
4125
6087
5936
1023
8703
10578
5794
4291
10974
2477
4116
5161
8295
2283
10919
9808
1236
1781
9272
6806
1757
10527
2830
3237
2932
11102
5011
2492
11612
4704
5121
6620
7958
8702
10159
614
3114
11755
11348
4414
6543
7947
1615
718
7679
7089
2315
2778
2542
1944
8407
476
2817
576
11121
6784
8673
7390
1818
565
11193
3612
320
1279
11800
9092
1417
4696
8417
10224
2553
140
9378
5663
3892
3025
171
8216
7027
3646
5168
11857
4505
2171
8285
3326
1179
6711
11330
8048
58
100
8375
6391
3899
11707
11002
10320
9213
11070
8645
8491
1665
2613
6482
5669
5033
8917
6471
8067
1953
8228
5108
3783
5600
7874
6361
996
1279
1171
1965
3903
7569
11193
9924
3604
4231
6415
9506
2234
2522
4774
11436
1597
4858
4087
7218
400
6974
8063
11624
8908
758
6261
11427
2420
3896
5428
5269
3433
5253
6483
356
2704
8616
4269
9250
1641
1975
7768
8551
6526
6945
1079
8624
9051
5257
1790
11771
7493
8411
11706
1364
6550
8662
3017
6470
5466
4429
1033
1350
3539
3023
4504
6963
7427
8298
6329
6244
11902
8350
1103
10394
4786
8861
7491
11828
1762
6963
799
6615
7597
8698
417
1448
11030
4208
7928
5085
3172
8710
746
10150
7713
2127
998
5892
9592
7952
8197
6117
6984
10420
2853
1025
1568
6579
739
7041
11974
6080
7909
10979
5174
2752
6833
3
10297
8046
2208
8829
905
1381
6972
4507
9278
4244
3009
6858
9562
7550
6764
9243
11860
11364
11665
7876
6441
4488
2779
8222
6196
10743
4505
6308
8318
2953
9410
4860
8897
10704
5470
11189
8704
11870
5963
11647
916
8721
11232
6153
3858
11105
2235
3997
6066
1757
10526
4542
7052
10215
3785
5885
1143
4147
6433
732
11556
4048
9165
7894
9652
11373
1351
5798
9839
11039
6314
9269
2104
7105
3382
10610
11467
11074
10374
10592
8883
5846
7878
10492
5185
10772
8144
2687
2662
6570
6872
526
5659
11053
1422
370
10347
11678
10131
9641
4370
2838
8458
4637
5544
4665
4568
4567
7147
11757
5755
7924
11522
10830
9745
1787
7817
11710
11459
4021
7670
8405
6205
8582
2450
10154
10562
3275
3414
457
8357
5281
7705
10958
1161
8669
10600
8923
4662
3831
1740
7702
0
7410
8306
7132
6849
4793
9177
7273
4537
11603
9085
2184
8886
1866
2615
2612
7764
4662
2613
1542
7458
6065
4161
8483
9023
1028
11730
9180
10673
4646
5475
1108
3032
9825
6853
7682
735
894
11806
1547
4390
8064
3763
5609
11317
7888
2509
5663
11755
7992
719
4529
3373
4345
11519
6541
10967
6209
1919
7043
6113
7654
6285
10224
11318
1146
5264
10192
8889
2210
2617
8617
4230
4537
3427
3575
4717
4166
3964
8421
554
11468
2201
6563
1168
6689
4585
1959
5742
4632
3113
1953
9372
8863
11107
8755
11116
11391
8300
10433
862
10313
3948
7714
10465
7252
606
1199
4990
688
3101
2780
6217
2379
10910
9110
6658
97
9747
11913
8415
2732
3655
3712
3090
5610
6195
261
8720
8454
10572
6511
5390
1935
7627
9372
10694
11120
9563
7850
1602
5381
6136
5319
8589
2439
8760
5739
9028
5216
10535
3581
1867
10045
6715
9
10524
5527
4428
11562
3706
10953
6718
6148
4512
1691
8026
4577
4706
8325
2232
172
5445
4573
189
10199
41
8127
9414
8893
2455
556
180
6797
11291
7302
9724
10951
6922
2505
11621
5139
1182
63
4595
957
10698
1788
2123
922
2472
11916
3152
8114
3716
6459
11092
5072
5225
6024
6964
7673
10729
5702
1170
1699
1688
1516
10810
2588
1894
3658
7826
10538
3027
2359
5453
3720
2961
4745
4558
1756
1145
10396
7399
11957
1781
3566
8199
1978
7813
3159
11617
611
6871
11531
3810
1388
6360
75
6230
7438
4781
11291
3649
6769
2145
7655
11127
4663
9988
9101
5692
340
1053
9307
9519
10342
8050
10215
4194
11248
248
343
4380
7448
3759
9427
3784
5572
6411
11827
2804
8019
5030
7861
3556
11712
3704
9846
10215
2737
4254
10137
4666
999
698
3828
11463
7294
9847
6992
1900
6410
489
4511
2740
11915
3746
11494
6707
5227
5239
3176
9348
3374
3561
3945
8179
6516
1387
2743
3265
3894
3143
3586
9462
7270
6749
2358
9521
2255
282
8205
4087
88
11753
8063
9350
3503
11282
1773
11688
2244
10034
1165
7109
6598
11141
5203
7626
7006
4636
2917
6955
10363
5076
4350
3958
1059
11041
5110
8255
7105
8121
356
2279
2904
9267
7201
11711
10249
533
10456
9889
8081
4274
7573
7196
9365
1751
6342
1791
6079
8899
3538
1282
930
623
8213
1986
8792
6568
9697
1432
6194
10656
3602
4566
9384
2012
11272
8857
2506
6008
11100
10081
9419
7220
11999
3017
9457
964
85
11662
3112
4874
3214
11739
10212
10632
4560
8395
2566
6483
7729
3956
3370
5580
4220
6411
10856
1466
7107
5041
3725
171
843
7203
8812
4414
7955
9710
5291
9310
1129
9630
362
2759
1833
2504
6937
7343
4085
7106
8304
6090
8392
2808
11999
1854
10072
458
11356
5356
10357
6411
230
2072
11618
1922
8337
1174
11954
10577
5446
649
1119
8793
2367
11494
11398
621
3220
6517
9514
173
906
7844
5048
6971
2
1580
1071
1340
10525
8398
11839
8702
9997
8960
4368
11193
8253
7088
1601
2518
5188
7543
10602
11272
6351
9008
9872
7184
10842
6550
1312
1839
6398
1344
4819
4371
5877
8872
2645
1492
1521
4048
10872
11914
10430
2908
6263
9813
8646
11514
683
8467
2001
5626
8003
7515
7625
11469
6015
7522
524
2596
10405
11595
3090
6329
1179
5804
5726
5728
6203
1953
7909
1245
3619
1999
1139
8435
10910
6983
2087
10075
11260
8819
2115
4975
11581
2607
7990
1525
11227
8380
8207
3692
1888
2242
5727
10678
9544
7876
11283
2897
598
10179
3573
8157
10423
7541
9716
9123
1573
5866
5281
10152
8750
7871
6027
483
10397
9578
3138
3553
2382
6103
4332
4874
1745
6945
8637
7402
9860
6933
2944
9757
6591
4850
3616
6930
10152
3444
4514
11243
1384
2146
9719
3385
25
7251
9036
9227
6282
9709
9054
5902
7673
5824
6109
10300
10562
5295
3889
10640
195
3994
9792
7179
6320
11680
2259
3431
9534
9613
2425
2372
6562
9583
7335
1164
496
6354
4765
2841
10795
11849
7423
6144
3452
7640
803
11374
4241
4366
2442
2659
5328
687
623
7403
7761
2225
9746
7997
7501
636
11656
9017
6622
4580
7151
1130
2207
5773
3691
10889
9196
6712
2026
11316
6064
7802
4007
3860
9717
2772
10297
3847
4337
10180
5976
8906
4195
11689
8247
7178
10526
10472
1504
1234
7595
5730
6937
4667
4920
1736
6672
11232
11402
8196
6145
5168
10695
2897
920
8012
3671
5730
7654
1710
5193
11117
3158
2277
8671
7737
6759
10485
2965
131
7139
4251
10241
386
3857
1400
2210
7537
5473
3400
9961
1685
8967
2410
5206
9029
10626
7686
6245
7115
3056
2866
2347
551
8276
3083
7472
2301
3008
4135
4394
4357
9377
9087
3264
6210
8125
4693
6551
5969
10295
966
1009
3360
4985
9953
10973
6
9366
470
9757
10519
6550
4046
9318
1876
3256
3743
582
10388
8355
3799
9951
5317
9458
6175
7526
3739
11658
6141
5408
761
8300
2915
8240
2507
2400
3162
6731
4520
823
2798
6418
5312
5834
2084
10289
3762
9880
401
9144
11891
3690
2346
5677
1277
10824
9982
3262
3939
7724
5067
4325
11009
9144
4015
1868
2828
10522
1098
11411
2336
5395
10074
7042
5697
5413
6919
10689
10089
10805
10793
1935
396
6345
4591
10851
6293
3898
2631
4298
10767
1599
5022
1017
8609
9495
8188
592
6745
6176
766
1977
3469
4471
7794
2767
8771
8745
9586
6790
8879
5597
11119
4820
10990
7989
5037
3336
4889
1856
520
3259
10724
216
1277
10458
2694
8570
8881
8565
2712
11101
10356
2274
10373
7712
9666
1764
3584
3402
1215
6291
4232
9753
7917
9225
7071
11531
4629
3914
5742
7412
3945
3792
1422
4821
7321
8972
7062
2656
8440
3352
3523
4354
1499
6859
7122
3326
2730
8955
7195
9215
7028
3914
3256
8732
4931
3599
10155
11027
6490
7630
2368
6588
9723
7775
11133
6621
355
1322
10616
6639
4477
10899
3620
5712
8503
3845
11593
7346
3481
8729
7733
9431
3331
7986
6004
10980
8984
7878
4688
10576
2676
2127
8804
1497
2807
5534
1358
9439
1790
6802
10792
6533
3242
3500
11402
6075
2605
743
10652
7907
8989
10654
6454
4863
5515
10036
10407
7960
2849
2950
1849
10227
11918
989
2290
10116
10913
5057
374
7366
4745
322
1998
11005
11996
4754
533
8866
9215
5296
6336
8524
11021
2192
2803
11043
3047
5383
8206
9176
5116
7123
10365
6880
366
8081
954
9066
6140
4211
11804
1413
537
503
3043
9905
10381
5540
8253
2436
163
9325
5036
2369
1161
417
6467
10375
5471
4722
7885
8202
1071
11583
10313
10188
9340
8889
497
11391
1587
1953
10167
7164
8185
4766
3571
7789
8791
2974
8682
7466
4944
11564
9682
9548
2931
10725
4437
3285
7402
718
609
11712
8559
2868
1936
1459
10073
857
9875
3328
6980
550
11441
5428
10897
11418
9498
451
1743
6376
5132
7368
8966
7504
2927
9379
10914
554
3068
2376
4520
9595
1153
11501
2862
324
9444
3559
1458
2729
5982
4094
11289
10789
2621
3889
3576
8745
7443
2448
8248
10238
5416
1687
10792
6227
5327
7669
4873
8095
1133
5580
571
7726
7838
7519
563
577
3827
9814
2793
6889
11335
8655
4349
193
6276
5764
7308
3103
4162
5627
7182
6185
156
2506
10393
2254
4531
10990
2872
2009
1888
8308
5357
3220
1462
9894
2424
8992
8664
11914
1529
6702
6757
5511
1485
239
4109
5450
2863
2006
8981
656
7658
9939
4088
9845
387
10378
7456
3960
9400
8141
4124
6607
11737
2516
7239
7961
11253
2142
4930
6812
14
2851
3059
9466
11130
569
7516
11176
11188
213
7230
1545
2397
7289
4376
2068
8288
7506
11481
1517
2488
11234
8230
3306
11622
3971
3725
2290
4775
1271
6804
6629
5242
676
7729
1410
5444
2207
11143
10662
8904
4825
8679
1177
8099
11051
7918
1278
9754
9500
2620
8196
7834
3646
1248
5174
2970
6449
2758
3712
7506
4760
8480
3555
9595
10521
6608
3095
1940
1771
9444
11765
2805
3368
2967
1838
811
1036
7655
9728
831
7016
4714
4410
7921
1062
4937
11069
11781
8911
390
11345
9621
7590
5971
9754
10592
3064
8578
10913
4104
2695
4245
2131
11349
6887
2040
739
10304
11013
11879
9217
1198
343
11609
7724
10139
1213
6825
3091
9097
1007
2818
5625
8826
11809
9925
4261
9636
11665
9248
4671
5011
5433
3295
7853
1159
34
1581
2547
1439
2673
4541
11494
415
1244
6343
5133
9908
5585
2274
737
10994
4664
7320
4332
7232
3994
1427
2890
1757
9700
5631
7371
5954
684
9830
11118
6514
2156
5446
10910
10541
6597
4562
3662
3169
1795
7328
8340
4797
8140
3534
10048
1580
10676
10188
1616
11220
7718
10809
11133
4359
6905
1833
3987
2058
1600
3129
2862
11850
11392
5097
10986
8768
2217
8140
4579
5520
6227
9534
4034
11643
11026
3802
11767
2993
2293
5662
6025
10319
7017
7462
4064
4969
4715
5734
7242
6906
7005
6073
2421
5255
11753
10035
2970
8485
4786
6059
4259
10146
5761
673
3165
2679
7295
4284
488
4392
5814
11863
9532
7070
4849
8640
5240
7978
2601
4673
6383
8158
3607
11706
8185
10960
7219
9233
2622
4631
11336
3996
2278
8590
4455
4381
9223
649
2616
8250
2808
1959
172
3726
7564
1904
564
11271
604
392
7412
4130
2963
10172
7215
8790
11248
4843
10828
7574
8792
3093
9650
9834
1171
2507
37
6404
1517
8929
3992
6094
2483
5889
9529
4936
10028
5010
6366
10767
11387
4575
9718
9412
1614
7625
10952
10365
62
920
762
5278
9950
4079
2221
11963
2842
3907
3748
3779
5449
4652
11470
11392
574
2393
6862
2860
7339
3202
6780
10829
2012
1997
11142
10335
3827
10135
8473
1308
4091
8843
11440
4339
5712
482
9219
8598
7957
2404
3182
9021
9792
6828
864
3961
6607
2688
554
10477
11444
1800
5114
258
6993
3979
6707
4905
4729
9882
8175
8892
8458
6393
11608
5960
7367
3260
2458
4079
6355
7463
126
9302
6969
3461
5460
7920
8720
10995
3986
11321
3857
9490
926
4763
8842
5438
6174
2008
4858
228
2415
8344
3603
10982
1427
10983
5406
9801
10358
8186
6445
9641
3398
640
330
1677
8739
4744
6816
7538
8123
3404
6678
2204
6490
9770
10965
1635
10380
3088
944
9339
11725
11402
1932
10143
4564
11327
47
11294
9911
2444
7609
4839
689
1076
2428
8838
8089
5325
718
6535
5107
10156
624
9985
6258
6230
5571
7921
2577
10832
3684
4807
27
1877
9470
3030
3283
8418
10765
3106
1644
5431
11606
9545
5401
6866
298
4669
9517
5030
5318
9199
2844
10357
2059
2861
3324
3428
4572
10483
2779
4857
10519
5269
8844
6210
516
8912
8532
10622
4816
10145
3588
9090
974
7081
10488
11655
7732
375
1369
1763
8730
7732
6596
3071
11016
7716
8895
8791
1481
4088
5091
4386
5413
3029
6521
11028
3291
6672
1035
9683
8767
7237
239
2036
4432
4846
5297
4669
561
4764
3040
5017
5447
4318
3573
3579
10228
162
10749
10699
8322
8832
2058
1941
9629
9679
4436
3706
8593
9298
7380
8153
7025
10496
2523
7864
9280
10569
7403
7893
10925
5368
8694
11937
8486
9124
10516
6312
3154
3405
4702
287
11526
5885
1
8018
3508
8720
8213
3926
1448
9384
11113
1826
11359
3692
2765
6456
8808
11547
1457
8260
8559
565
5973
10381
4546
5296
4293
10786
7007
10124
5075
8264
2836
8236
1355
2778
7245
7186
7942
2232
7764
11624
10821
1173
1432
11627
4647
2294
4689
4897
1018
826
1062
10696
9716
8971
8156
951
11487
2535
780
3336
10157
712
1210
2440
2014
10725
8664
6260
7391
9593
11982
8308
9230
7774
325
8502
8181
11766
389
6800
5396
10963
5180
8191
2673
10158
10831
174
8986
9043
8276
4268
6670
5899
5723
1364
3667
10392
2003
10897
8221
1956
9729
5819
5286
5752
9067
9290
9665
5472
9567
4748
7492
11538
9081
6688
11220
10280
5225
1019
7572
2682
4132
3231
1233
4089
11466
3936
5137
3023
5681
6448
9199
11812
3470
6127
1254
4209
4162
8106
4655
9539
7475
8786
4639
11095
9635
9155
4071
2617
277
8499
6510
10640
2850
1489
6830
345
4455
5884
8724
261
11083
10276
8417
6747
1161
3288
801
10654
10115
3580
5927
5922
5364
9765
440
1043
4687
7008
9997
7452
3371
2586
11141
11858
6820
8129
8269
4344
7525
1490
5543
2826
6336
6383
8504
11005
5900
6938
10087
7444
6960
3225
4443
3721
7883
583
9606
1835
337
6236
10539
9131
5484
5204
5469
4965
5351
3935
2654
1183
9241
330
11865
6202
3084
3026
840
2048
8581
8790
5857
3211
8788
6812
5312
5481
9485
432
5802
4156
9218
8520
3723
4118
5338
6229
11754
7206
697
4256
6845
9186
3794
11024
456
9319
6266
9339
775
2109
7543
130
2531
3299
1272
4738
6760
507
5827
10045
4480
9104
3770
7356
10773
4058
556
482
9096
8381
1086
4881
7924
8713
9905
3979
2916
2237
10895
2958
1838
4755
7229
4314
2292
7198
2198
3399
6092
9169
8170
5943
4723
11372
4523
11172
1828
5830
5811
3724
11033
11778
4741
2904
659
5973
8730
9140
11021
4831
1835
8638
4958
446
7831
4260
8176
8974
4990
5560
8657
10213
788
9677
6084
9437
3369
9454
4659
611
1978
11658
2122
6103
10918
8603
3973
3826
4758
730
1059
472
4575
11873
2674
5090
9947
4949
4161
707
9237
5724
3814
3068
9363
4080
4425
6736
9841
1864
379
9932
8289
9918
9537
416
9923
303
8401
11596
5717
1000
9177
4715
7012
7524
2351
7604
10231
2921
10262
2923
6222
509
3896
1155
4393
8507
2757
3859
4391
6361
2159
4737
1486
11069
9653
2066
145
2254
10564
9878
5474
6973
5712
4975
4224
3431
4397
4474
47
6766
8613
2025
3447
2013
2174
4195
11591
1088
1083
5722
2668
10326
4946
7440
5967
10604
5638
9622
8084
9497
2627
2347
5939
4193
537
11219
10249
3041
7476
1310
3119
625
4563
10732
4164
6189
5825
9519
9287
11966
1231
7760
2794
8678
10175
4989
6945
5937
43
8807
3374
11738
767
10568
5965
7468
7400
1644
861
3026
4723
5406
8187
6686
6764
11506
1898
215
11891
2376
8835
3550
2700
9105
7641
8996
5485
8916
10600
6400
6393
7434
8814
8220
4636
11800
5254
8618
11262
3362
3350
5906
6958
9302
656
6676
10260
10992
1978
8862
10251
9241
6011
5758
1498
4771
2109
3643
7433
10403
11227
10240
3774
1337
9393
1588
7829
11811
11256
11220
10636
8087
9297
11668
8905
1336
9251
10360
6577
1448
10062
11873
1581
10124
7413
2263
3982
4839
5404
4887
11209
10337
9390
8617
2425
3305
8321
6770
11343
681
1073
8354
2930
10811
10352
386
6399
3208
11665
7039
8812
9177
11665
8323
6319
9879
11872
11738
7695
8637
6315
11017
3351
4371
9077
4595
4325
3016
2051
2837
4051
7615
6360
11351
8787
3496
1012
1848
4610
2537
11217
4042
7728
1965
2687
1
4633
4511
6846
4107
9212
5929
9490
11471
1462
6980
5851
11142
2790
1972
6310
7883
6156
2746
9230
9536
3420
7752
8396
170
5250
8419
8501
8225
2837
3513
10940
1774
11383
10489
3825
11786
2973
5093
717
6950
919
6519
1999
4125
9052
3429
1127
893
7665
5951
9154
4978
6958
2523
5026
9422
8794
1987
38
10465
493
6867
675
6960
10087
1047
4737
3930
7128
4308
11195
8547
8596
7287
690
10306
9859
5334
10857
2612
5849
6654
8863
2231
9781
10768
4602
8246
7691
9966
3930
9157
2982
10858
8110
3699
9884
1499
7343
3682
8372
1739
4817
3860
7572
2579
3123
6339
58
8259
7212
3420
9708
6636
3251
1086
8862
9150
4779
9479
6578
1236
4512
713
611
11530
3954
6328
9503
7547
1647
4415
5793
8714
8447
10120
8847
10748
8681
764
6189
2330
7285
2197
11438
5845
7281
4313
11108
8714
4947
775
9500
2390
8004
9051
2800
8577
10943
5743
223
2587
5292
8981
9700
5915
5193
10308
10062
6265
6082
11006
5073
5165
6578
204
8894
3201
2880
4406
3696
6573
3004
8222
10120
288
5162
10100
168
2774
8355
6781
7841
2017
5968
11957
7474
10558
10690
276
5208
9772
3536
7368
1402
6806
11034
9943
7057
410
8847
9335
11418
590
7138
6968
8935
3623
8933
3288
1626
8414
7549
8582
5636
4551
2809
8889
4402
2577
8371
2871
9342
1148
1890
4029
327
1654
57
7036
10494
8768
9755
11285
1016
7067
2600
2838
9492
11472
11106
2044
2466
8738
10484
11966
10333
6520
2799
8540
7518
9807
7751
1054
2303
3561
6786
9039
7053
11399
544
5093
6830
10972
7849
6408
4526
9419
5486
8958
5603
8860
1964
3290
3451
10369
7252
5800
1070
7188
8174
136
442
4170
9700
6020
7429
2532
7812
1319
5423
2959
7913
1583
1207
9928
5954
5566
5613
5867
11510
1376
7557
1317
4937
7939
8903
4751
601
4372
9361
5056
6821
7610
5222
4854
10722
8323
5266
11989
8653
6650
11511
1406
6125
10706
5750
8558
5374
76
8916
118
7784
9679
11337
4434
6252
8393
3796
4574
9466
3763
8059
9169
1687
2853
3172
4503
10230
3992
6288
11328
245
8674
10214
1910
2717
3263
8036
4611
6795
2460
4386
7045
11594
6620
6838
428
7592
3035
5844
11213
3493
1213
7328
5432
7172
1952
2712
6395
8827
11658
6611
5473
8924
6891
2835
4662
6830
5528
2552
471
2187
6187
6622
1376
4179
4735
1074
5693
9739
1727
589
9163
8569
5498
9597
9911
542
8446
2209
4628
9582
8668
6705
3930
3585
5651
9679
4814
10228
9121
1165
3964
5706
8422
1218
1376
11506
11967
8400
9363
11234
10308
11497
11467
11348
2296
3536
5145
8322
7562
3816
3303
10306
2212
9112
2850
9828
6153
3641
9411
7336
3873
10585
8170
3600
11771
2097
11530
8049
2282
7724
10870
10024
6085
5039
155
10779
6562
9013
11455
3703
11471
6313
2709
10830
7443
7159
6086
11112
1440
2796
9325
6259
1704
831
10228
3106
5026
3853
4224
3566
9298
10722
504
8120
337
2790
1673
633
9898
5062
5250
10945
11524
943
504
11282
4595
675
1252
8909
10396
9988
2187
6814
3490
8693
9145
354
6914
9091
436
876
6898
1051
2966
7244
7803
4510
9321
3029
2921
4847
8339
8777
5508
6257
7901
1368
7108
2701
10780
1856
6742
3419
6323
5557
4935
4201
6607
11274
4841
10766
9409
4637
8856
8569
3933
7484
7182
10243
4684
8964
641
1629
236
4801
3885
9950
8850
642
746
1211
1981
3904
7030
2242
5686
3808
5444
86
10787
9489
4636
1526
7347
9123
3459
6543
11616
8944
631
9398
6066
5839
10825
1726
1473
4892
3041
9705
6224
5791
5720
7824
4101
5476
5641
3148
5788
6680
7990
8247
7150
11229
11302
10045
3086
1001
11122
3872
1312
4401
4255
8846
11922
7987
5371
483
3905
9604
9530
9027
10999
908
9808
1518
383
9615
8784
3959
8637
1106
9990
11216
4266
7221
759
8371
10787
1109
1015
8292
6971
10954
5609
4005
7297
6198
2680
9234
18
1569
7324
4087
10439
6769
477
7344
3121
11136
11484
6213
2671
8866
9171
8620
10619
5602
2591
2259
1616
1232
2684
4600
11749
8675
8194
932
9252
4250
9026
1270
3241
7901
55
9562
11282
1114
5
10147
11724
2784
1586
8758
3686
10616
446
6651
2410
5815
5790
4516
2428
11882
4667
7863
9569
2265
6947
5413
7304
10431
10927
4796
11254
9598
8264
3473
1920
9919
7597
3272
9769
8379
2747
4340
2775
4914
11781
10525
2371
11514
11507
11338
5448
5072
119
11636
9681
1703
2743
3051
2857
8075
6516
6907
8293
9945
9645
7025
1586
9680
4514
4285
1064
10972
435
3194
1262
10245
11069
7952
5571
10465
4791
5649
960
4095
11435
11176
8214
5901
7890
2360
3633
1080
3912
4544
6462
9914
2293
11448
4533
683
10188
1687
705
3999
2921
11631
629
10054
8001
3597
4227
5447
1343
11444
987
8304
9866
5653
10745
1356
6624
8849
9112
2440
10594
10462
6040
10570
10948
3836
11224
11288
9345
626
5135
9429
9278
1633
7457
8768
2932
8548
3508
161
1256
7128
5973
4883
6142
3373
9846
11799
2604
2117
10959
1773
1768
2195
6793
6471
244
7988
2508
9201
2126
11615
1199
2921
4378
3437
5357
6827
10762
8776
4350
122
5763
9851
10471
7631
96
5986
1654
6852
9411
11940
8462
7848
11738
6023
10276
6070
6950
8245
811
7756
9210
6244
2210
9972
4884
9131
1901
2707
3796
8606
1259
4571
985
6857
11825
2735
5281
7702
5419
5678
8042
5360
2963
10108
282
3931
1148
7119
11222
8334
2314
7188
7930
7900
3000
1073
251
11236
6560
9954
1624
5179
7122
1372
4673
9815
9850
5549
4595
9509
2071
3632
3408
4779
7294
3204
10018
11579
3476
11068
2847
9203
8141
10914
3401
5474
9985
5858
4718
8304
11634
5205
7985
1915
9015
915
7958
4164
9521
370
4897
385
7775
9918
11825
5044
10207
2518
2777
3265
8049
4473
2486
1867
10538
8807
6636
2084
2217
2261
4307
1503
189
11218
10646
981
11012
1019
4096
9452
2654
3218
10633
1512
6488
4234
3520
1542
3813
2691
10975
7891
10679
3394
1924
11241
6059
11478
3667
6782
3448
663
2817
6207
4985
2900
8265
10752
7996
2836
8214
10673
589
7612
455
5494
5521
4433
4114
9283
2009
11152
3982
3924
5518
4798
3317
10984
11753
3547
11671
5276
1188
11047
10822
6588
2417
8333
4267
8283
10461
5749
8054
611
9875
5346
2842
2570
10095
5169
7132
998
1917
643
9496
9367
5358
961
1431
9340
340
7926
6086
5641
760
1151
1666
9206
1443
8802
3713
764
327
5278
1722
1178
10952
10267
6721
9829
901
3550
9486
4220
8316
8749
9911
6719
4947
8873
4898
5973
6400
9093
6732
3033
10362
1619
2458
3594
3519
9822
1175
5993
9746
5983
2433
3753
11836
1054
7090
7426
10658
3793
1982
9384
1074
423
9689
2941
7295
6637
453
11811
7557
11372
10938
7407
5123
10154
8072
9854
1535
7166
7599
11837
10912
1362
10257
8521
8803
10993
5635
9792
11672
877
10808
906
1583
9514
9733
8422
4979
4874
4187
11885
659
4207
1656
2230
2166
6669
6136
9244
5743
3892
8185
10697
865
4758
10865
6819
10070
4758
2356
7858
10395
3189
10035
3281
10193
7294
8756
6942
458
1124
7788
3168
8965
2442
6587
2194
6661
7444
5038
9768
698
6368
7253
975
5308
11258
1276
2466
2483
10183
2184
10260
981
10184
5113
10170
6644
1988
7652
640
5377
9247
11791
11415
8325
5598
4299
5937
8888
2270
4911
6765
1186
11306
4115
3536
1406
10597
6602
112
5195
1043
604
3561
5849
5032
11363
488
1502
9297
4870
9975
6877
7829
1822
3003
368
8148
1350
11749
8292
2610
7639
6501
3159
7780
7947
9176
11602
3062
3793
8572
6355
10831
8278
11461
11238
10275
11476
5499
6589
1929
6780
4693
8904
11581
11843
3770
4683
798
4407
295
4546
8745
5848
4756
9670
6263
7659
1082
8422
6389
4388
11169
10786
9534
6662
1017
1766
2474
11
10899
8421
6125
5050
5791
4516
1742
10403
4858
6001
10763
7372
4325
3604
3932
10900
4418
11804
10645
4767
4302
2285
5670
8253
11071
6675
11412
2629
7851
9990
9866
6886
5912
4638
9185
5011
10484
11194
3483
5877
3549
383
1042
5497
1390
2765
11549
11895
68
8616
5269
1263
6207
310
2256
8336
7635
7252
5775
2090
372
965
9012
3880
11375
7439
1999
9035
4166
1148
10308
10718
11107
8399
698
507
1559
2729
11256
9663
1572
6058
4952
2487
11958
4126
5656
10406
11742
11474
10758
10618
10985
11800
4455
6125
2831
2017
568
2899
11379
2629
7457
8700
3616
7314
10135
8724
6129
10654
2139
5762
673
6919
15
10999
6967
10682
4439
7804
4140
3710
10102
1063
6311
6219
3366
8601
4619
3990
10540
5160
5773
233
10307
9166
7824
10274
5374
185
5344
10219
8870
6472
578
3756
310
11447
6367
4050
141
7185
4784
4426
930
4178
397
8117
5201
9638
6962
11834
6729
11527
3077
6215
9775
8272
9976
4483
5332
8764
3110
6677
6851
5792
547
10825
10247
6441
11471
10241
8162
9268
1173
3863
8521
10239
2934
10124
6353
1405
6057
10322
11648
2230
1058
2792
4722
1233
11662
393
10099
5292
8708
2920
6376
7439
7488
3021
6824
7424
5242
11009
1673
4579
11693
6728
8094
5665
6471
5155
7800
11413
11166
951
9034
390
6491
7455
1353
9574
4649
11883
2213
1683
7507
2533
7775
1838
2539
1804
4648
4540
10756
4660
2515
8199
7956
7871
5578
640
628
8978
1763
3004
6704
11379
4375
1395
5117
9279
3620
3369
8727
3448
10942
2046
6684
3851
7570
6125
6666
8138
3970
11510
8665
9861
7102
1509
8138
6973
1396
11732
1316
1765
9354
6852
1333
11860
4438
1264
6616
4226
6626
6492
4544
8376
11557
4815
11935
9024
7628
11137
5247
10423
1707
5499
1665
450
11325
8936
5322
2228
5238
11520
10944
4656
1233
3460
8046
2674
11798
4026
8567
9460
5025
860
1452
9935
7610
7866
7190
70
3311
3413
7665
7428
5472
1988
9958
11241
2452
9700
6834
11026
5840
1208
5644
3313
1254
650
3262
8561
10363
8084
11411
8650
4425
1683
338
5560
8215
4638
9329
1938
10633
2187
1895
10225
2598
647
9720
6838
2032
8561
4587
9638
3759
2249
9474
6483
1123
6066
8912
4160
1900
7590
423
8285
11791
3706
7474
2028
8321
7254
5899
4560
403
3384
8097
11124
4171
6203
6562
5440
3797
1562
8417
7897
11156
2968
3643
11553
10047
2666
9532
10433
9567
8816
2670
975
4848
2458
3347
1650
7990
644
3822
7918
3390
10618
3205
3604
8051
4315
3998
1647
10564
4777
10426
6886
6566
4179
6720
9110
11389
11219
4350
2109
436
1524
2977
3766
482
6494
10507
3451
10677
7665
9118
10096
2463
9188
4516
5247
906
440
10908
276
2138
2059
320
7617
681
7812
1852
2500
6318
11800
2377
10111
3025
5336
6895
3445
6140
4649
8401
7353
505
1221
9614
10341
7754
3071
277
11675
11232
1710
4005
5162
2213
3780
7749
10718
9126
8526
10977
6388
462
291
8499
10989
11818
11109
10664
849
10240
8274
7218
9358
6544
11385
8662
3123
2801
6924
3283
1479
9387
1799
1295
10973
4276
586
3648
7114
4234
338
4038
312
5560
11869
564
11359
2801
9302
10178
10176
11563
491
4724
11737
2086
7521
1852
11190
1707
5073
11457
4155
2614
4793
6550
10012
8508
4134
8575
7713
1826
10240
3200
5246
8117
3509
5470
3333
11983
9349
947
1291
3665
8433
6103
205
10925
11404
4728
1630
1291
9514
7449
3038
1070
4066
4764
2033
1688
6845
52
4088
6987
2820
10066
7157
1052
3478
